#
# A fatal error has been detected by the Java Runtime Environment:
#
#  SIGSEGV (0xb) at pc=0x00007ff4c8092cbe, pid=3939, tid=3967
#
# JRE version: OpenJDK Runtime Environment Temurin-17.0.1+12 (17.0.1+12) (build 17.0.1+12)
# Java VM: OpenJDK 64-Bit Server VM Temurin-17.0.1+12 (17.0.1+12, mixed mode, emulated-client, tiered, compressed oops, compressed class ptrs, g1 gc, linux-amd64)
# Problematic frame:
# V  [libjvm.so+0x779cbe]  G1ScanHRForRegionClosure::scan_heap_roots(HeapRegion*)+0x7ce
#
# Core dump will be written. Default location: Core dumps may be processed with "/usr/share/apport/apport %p %s %c %d %P %E" (or dumping to /home/carlos/project/dsmovie/backend/core.3939)
#
# If you would like to submit a bug report, please visit:
#   https://github.com/adoptium/adoptium-support/issues
#

---------------  S U M M A R Y ------------

Command Line: -Dcom.sun.management.jmxremote -Dcom.sun.management.jmxremote.port=36173 -Dcom.sun.management.jmxremote.authenticate=false -Dcom.sun.management.jmxremote.ssl=false -Djava.rmi.server.hostname=localhost -Dspring.jmx.enabled=true -Dspring.application.admin.enabled=true -Djava.security.egd=file:/dev/./urandom -XX:TieredStopAtLevel=1 -Dspring.boot.project.name=dsmovie -Dfile.encoding=UTF-8 -XX:+ShowCodeDetailsInExceptionMessages com.carlosveigafilho.dsmovie.DsmovieApplication --spring.output.ansi.enabled=always

Host: Intel(R) Atom(TM) x5-Z8350  CPU @ 1.44GHz, 4 cores, 3G, Ubuntu 20.04.3 LTS
Time: Fri Jan 14 19:34:53 2022 -03 elapsed time: 418.285836 seconds (0d 0h 6m 58s)

---------------  T H R E A D  ---------------

Current thread (0x00007ff4a0008980):  GCTaskThread "GC Thread#2" [stack: 0x00007ff46baed000,0x00007ff46bbed000] [id=3967]

Stack: [0x00007ff46baed000,0x00007ff46bbed000],  sp=0x00007ff46bbebae0,  free space=1018k
Native frames: (J=compiled Java code, j=interpreted, Vv=VM code, C=native code)
V  [libjvm.so+0x779cbe]  G1ScanHRForRegionClosure::scan_heap_roots(HeapRegion*)+0x7ce
V  [libjvm.so+0x774013]  G1RemSet::scan_heap_roots(G1ParScanThreadState*, unsigned int, G1GCPhaseTimes::GCParPhases, G1GCPhaseTimes::GCParPhases, bool)+0x1c3
V  [libjvm.so+0x711a6b]  G1EvacuateRegionsTask::scan_roots(G1ParScanThreadState*, unsigned int)+0x4b
V  [libjvm.so+0x711ff9]  G1EvacuateRegionsBaseTask::work(unsigned int)+0x89
V  [libjvm.so+0xfab56c]  GangWorker::loop()+0x5c
V  [libjvm.so+0xfab5be]
V  [libjvm.so+0xf01b62]  Thread::call_run()+0xe2
V  [libjvm.so+0xc3ccd1]  thread_native_entry(Thread*)+0xe1


siginfo: si_signo: 11 (SIGSEGV), si_code: 1 (SEGV_MAPERR), si_addr: 0x00007ff4cb4fa3e0

Register to memory mapping:

RAX=0x00007ff4c8efa3e0: <offset 0x00000000015e13e0> in /opt/sts-4.13.0.RELEASE/plugins/org.eclipse.justj.openjdk.hotspot.jre.full.linux.x86_64_17.0.1.v20211116-1657/jre/lib/server/libjvm.so at 0x00007ff4c7919000
RBX=0x00007ff4c00542b0 points into unknown readable memory: 0x00007ff4c8e03c20 | 20 3c e0 c8 f4 7f 00 00
RCX=0x00000000004c0000 is an unknown value
RDX=0x00000001003db570 is pointing into metadata
RSP=0x00007ff46bbebae0 points into unknown readable memory: 0x00000000000003d8 | d8 03 00 00 00 00 00 00
RBP=0x00007ff46bbebc10 points into unknown readable memory: 0x00007ff46bbebd50 | 50 bd be 6b f4 7f 00 00
RSI=0x00000000c5adff00 points into unknown readable memory: 0x0000000000000009 | 09 00 00 00 00 00 00 00
RDI=0x00007ff46bbebb90 points into unknown readable memory: 0x00007ff4c8e04748 | 48 47 e0 c8 f4 7f 00 00
R8 =0x00007ff4c0052b1c points into unknown readable memory: 00 ff 00 ff
R9 =0x0000000000000014 is an unknown value
R10=0x0 is NULL
R11=0x00000000c4c00000 is an oop: [B 
{0x00000000c4c00000} - klass: {type array byte}
 - length: 557236
R12=0x00000000c5adff18 is an oop: org.apache.commons.logging.LogAdapter$Slf4jLocationAwareLog 
{0x00000000c5adff18} - klass: 'org/apache/commons/logging/LogAdapter$Slf4jLocationAwareLog'
 - ---- fields (total size 3 words):
 - protected final 'name' 'Ljava/lang/String;' @12  "org.springframework.aop.aspectj.annotation.ReflectiveAspectJAdvisorFactory"{0x00000000c582dd78} (c582dd78)
 - protected final transient 'logger' 'Lorg/slf4j/Logger;' @16  a 'ch/qos/logback/classic/Logger'{0x00000000c582dd48} (c582dd48)
R13=0x0 is NULL
R14=0x00007ff4c0078970 points into unknown readable memory: 0x00000000c5a00000 | 00 00 a0 c5 00 00 00 00
R15=0x00000000c5adff18 is an oop: org.apache.commons.logging.LogAdapter$Slf4jLocationAwareLog 
{0x00000000c5adff18} - klass: 'org/apache/commons/logging/LogAdapter$Slf4jLocationAwareLog'
 - ---- fields (total size 3 words):
 - protected final 'name' 'Ljava/lang/String;' @12  "org.springframework.aop.aspectj.annotation.ReflectiveAspectJAdvisorFactory"{0x00000000c582dd78} (c582dd78)
 - protected final transient 'logger' 'Lorg/slf4j/Logger;' @16  a 'ch/qos/logback/classic/Logger'{0x00000000c582dd48} (c582dd48)


Registers:
RAX=0x00007ff4c8efa3e0, RBX=0x00007ff4c00542b0, RCX=0x00000000004c0000, RDX=0x00000001003db570
RSP=0x00007ff46bbebae0, RBP=0x00007ff46bbebc10, RSI=0x00000000c5adff00, RDI=0x00007ff46bbebb90
R8 =0x00007ff4c0052b1c, R9 =0x0000000000000014, R10=0x0000000000000000, R11=0x00000000c4c00000
R12=0x00000000c5adff18, R13=0x0000000000000000, R14=0x00007ff4c0078970, R15=0x00000000c5adff18
RIP=0x00007ff4c8092cbe, EFLAGS=0x0000000000010207, CSGSFS=0x002b000000000033, ERR=0x0000000000000004
  TRAPNO=0x000000000000000e

Top of Stack: (sp=0x00007ff46bbebae0)
0x00007ff46bbebae0:   00000000000003d8 00007ff4a0009058
0x00007ff46bbebaf0:   00007ff4a0008f20 00007ff4a0008c30
0x00007ff46bbebb00:   00007ff4a0008c70 000000000000000e
0x00007ff46bbebb10:   01007ff4ab9f60d8 00007ff46bbebc90 

Instructions: (pc=0x00007ff4c8092cbe)
0x00007ff4c8092bbe:   48 39 95 38 ff ff ff 72 29 48 8b 8d 38 ff ff ff
0x00007ff4c8092bce:   49 8d 7e 20 48 89 de 4c 89 95 18 ff ff ff e8 8f
0x00007ff4c8092bde:   e5 f7 ff 4c 8b 95 18 ff ff ff 48 89 c3 0f 1f 44
0x00007ff4c8092bee:   00 00 49 8b 82 c8 04 00 00 4c 89 bd 08 ff ff ff
0x00007ff4c8092bfe:   49 89 df 4c 89 ad 18 ff ff ff 4c 89 a5 10 ff ff
0x00007ff4c8092c0e:   ff 48 8b 80 90 00 00 00 48 89 c3 e9 b0 00 00 00
0x00007ff4c8092c1e:   66 90 48 8d 05 c6 83 e6 00 0f b6 00 84 c0 0f 85
0x00007ff4c8092c2e:   8e 03 00 00 49 8b 7f 08 8b 4f 08 83 f9 00 0f 8e
0x00007ff4c8092c3e:   9e 03 00 00 f6 c1 01 0f 85 45 03 00 00 89 c8 c1
0x00007ff4c8092c4e:   f8 03 48 98 45 84 ed 4d 8d 24 c7 0f 85 4c 03 00
0x00007ff4c8092c5e:   00 48 8d 05 87 83 e6 00 80 38 00 0f 84 b9 03 00
0x00007ff4c8092c6e:   00 48 8d 35 8a 16 e2 00 41 8b 57 08 8b 4e 08 48
0x00007ff4c8092c7e:   d3 e2 48 03 16 81 7a 08 00 00 00 c0 7d 1a 4c 39
0x00007ff4c8092c8e:   bd 38 ff ff ff 0f 87 b6 03 00 00 4c 39 a5 50 ff
0x00007ff4c8092c9e:   ff ff 0f 82 a9 03 00 00 48 63 4a 0c 48 8d 05 2f
0x00007ff4c8092cae:   77 e6 00 4c 89 fe 4d 89 e7 48 8b bd 20 ff ff ff
0x00007ff4c8092cbe:   ff 14 c8 4c 39 bd 50 ff ff ff 0f 86 d5 00 00 00
0x00007ff4c8092cce:   49 8b 86 e0 00 00 00 45 31 ed 49 39 c7 0f 83 3f
0x00007ff4c8092cde:   ff ff ff 4c 8b 5b 08 44 8b 53 18 4c 89 f9 bf 01
0x00007ff4c8092cee:   00 00 00 4c 29 d9 48 c1 e9 03 48 89 ca 44 89 d1
0x00007ff4c8092cfe:   48 d3 ea 48 89 d1 48 89 d6 48 8b 53 20 83 e1 3f
0x00007ff4c8092d0e:   48 c1 ee 06 48 d3 e7 48 85 3c f2 0f 85 01 ff ff
0x00007ff4c8092d1e:   ff 41 8b 96 bc 00 00 00 83 fa 29 0f 84 f1 fe ff
0x00007ff4c8092d2e:   ff 48 8d 15 34 29 e2 00 80 3a 00 0f 84 cd 05 00
0x00007ff4c8092d3e:   00 44 89 d1 ba 08 00 00 00 4c 29 d8 d3 e2 48 c1
0x00007ff4c8092d4e:   e8 03 8d 72 ff f7 da 48 d3 e8 48 63 d2 48 63 f6
0x00007ff4c8092d5e:   4c 01 fe 48 21 d6 4c 29 de 48 c1 ee 03 48 d3 ee
0x00007ff4c8092d6e:   48 39 c6 73 0c 48 8d 7b 20 48 89 c2 e8 91 8a ff
0x00007ff4c8092d7e:   ff 44 89 d1 45 31 ed 48 d3 e0 49 8d 04 c3 4c 29
0x00007ff4c8092d8e:   f8 48 83 e0 f8 49 01 c7 4c 39 bd 50 ff ff ff 0f
0x00007ff4c8092d9e:   87 2b ff ff ff 45 89 e8 4c 89 fb 4c 8b ad 18 ff
0x00007ff4c8092dae:   ff ff 45 84 c0 48 0f 45 9d 50 ff ff ff 4c 8b a5 


Stack slot to memory mapping:
stack at sp + 0 slots: 0x00000000000003d8 is an unknown value
stack at sp + 1 slots: 0x00007ff4a0009058 points into unknown readable memory: 0x0000000000000045 | 45 00 00 00 00 00 00 00
stack at sp + 2 slots: 0x00007ff4a0008f20 points into unknown readable memory: 0x00007ff48800425b | 5b 42 00 88 f4 7f 00 00
stack at sp + 3 slots: 0x00007ff4a0008c30 points into unknown readable memory: 0x0000000000000002 | 02 00 00 00 00 00 00 00
stack at sp + 4 slots: 0x00007ff4a0008c70 points into unknown readable memory: 0x0000000000000000 | 00 00 00 00 00 00 00 00
stack at sp + 5 slots: 0x000000000000000e is an unknown value
stack at sp + 6 slots: 0x01007ff4ab9f60d8 is an unknown value
stack at sp + 7 slots: 0x00007ff46bbebc90 points into unknown readable memory: 0x00007ff4c8e04890 | 90 48 e0 c8 f4 7f 00 00


---------------  P R O C E S S  ---------------

Threads class SMR info:
_java_thread_list=0x00007ff44c006550, length=35, elements={
0x00007ff4c0127f70, 0x00007ff4c01295c0, 0x00007ff4c014e230, 0x00007ff4c014f5e0,
0x00007ff4c01509f0, 0x00007ff4c0151f20, 0x00007ff4c0153350, 0x00007ff4c01e4d70,
0x00007ff4c02299d0, 0x00007ff4c05cfa70, 0x00007ff4c05d69b0, 0x00007ff4c0608860,
0x00007ff44c00cf30, 0x00007ff4780019f0, 0x00007ff44400e4a0, 0x00007ff48c000e70,
0x00007ff4c0dd5230, 0x00007ff4c0e08e50, 0x00005627f2077680, 0x00007ff4c0e0a080,
0x00007ff4c14aaba0, 0x00007ff4c14b0b90, 0x00007ff4c00260d0, 0x00007ff448007ae0,
0x00007ff4480085a0, 0x00007ff448008ff0, 0x00007ff448009b50, 0x00007ff44800a6b0,
0x00007ff44800b7d0, 0x00007ff44800c8f0, 0x00007ff44800da20, 0x00007ff44800eb50,
0x00007ff44800fd70, 0x00007ff478003270, 0x00007ff44c00e0b0
}

Java Threads: ( => current thread )
  0x00007ff4c0127f70 JavaThread "Reference Handler" daemon [_thread_blocked, id=3952, stack(0x00007ff4aacf6000,0x00007ff4aadf7000)]
  0x00007ff4c01295c0 JavaThread "Finalizer" daemon [_thread_blocked, id=3953, stack(0x00007ff4aabf5000,0x00007ff4aacf6000)]
  0x00007ff4c014e230 JavaThread "Signal Dispatcher" daemon [_thread_blocked, id=3954, stack(0x00007ff4a9d16000,0x00007ff4a9e17000)]
  0x00007ff4c014f5e0 JavaThread "Service Thread" daemon [_thread_blocked, id=3955, stack(0x00007ff4a9c15000,0x00007ff4a9d16000)]
  0x00007ff4c01509f0 JavaThread "Monitor Deflation Thread" daemon [_thread_blocked, id=3956, stack(0x00007ff4a9b14000,0x00007ff4a9c15000)]
  0x00007ff4c0151f20 JavaThread "C1 CompilerThread0" daemon [_thread_blocked, id=3957, stack(0x00007ff4a9a13000,0x00007ff4a9b14000)]
  0x00007ff4c0153350 JavaThread "Sweeper thread" daemon [_thread_blocked, id=3958, stack(0x00007ff4a9912000,0x00007ff4a9a13000)]
  0x00007ff4c01e4d70 JavaThread "Common-Cleaner" daemon [_thread_blocked, id=3960, stack(0x00007ff4a9811000,0x00007ff4a9912000)]
  0x00007ff4c02299d0 JavaThread "Notification Thread" daemon [_thread_blocked, id=3961, stack(0x00007ff4a9710000,0x00007ff4a9811000)]
  0x00007ff4c05cfa70 JavaThread "RMI TCP Accept-0" daemon [_thread_in_native, id=3962, stack(0x00007ff4a82ff000,0x00007ff4a8400000)]
  0x00007ff4c05d69b0 JavaThread "RMI TCP Accept-36173" daemon [_thread_in_native, id=3963, stack(0x00007ff4a81fe000,0x00007ff4a82ff000)]
  0x00007ff4c0608860 JavaThread "RMI TCP Accept-0" daemon [_thread_in_native, id=3964, stack(0x00007ff4a80fd000,0x00007ff4a81fe000)]
  0x00007ff44c00cf30 JavaThread "RMI Scheduler(0)" daemon [_thread_blocked, id=3971, stack(0x00007ff46b6e5000,0x00007ff46b7e6000)]
  0x00007ff4780019f0 JavaThread "RMI TCP Connection(16)-127.0.0.1" daemon [_thread_in_native, id=3975, stack(0x00007ff46b5e4000,0x00007ff46b6e5000)]
  0x00007ff44400e4a0 JavaThread "JMX server connection timeout 20" daemon [_thread_blocked, id=3976, stack(0x00007ff46b4e3000,0x00007ff46b5e4000)]
  0x00007ff48c000e70 JavaThread "Attach Listener" daemon [_thread_blocked, id=3978, stack(0x00007ff46b3e2000,0x00007ff46b4e3000)]
  0x00007ff4c0dd5230 JavaThread "HikariPool-1 housekeeper" daemon [_thread_blocked, id=3981, stack(0x00007ff46b2e1000,0x00007ff46b3e2000)]
  0x00007ff4c0e08e50 JavaThread "Catalina-utility-1" [_thread_blocked, id=3983, stack(0x00007ff46b0df000,0x00007ff46b1e0000)]
  0x00005627f2077680 JavaThread "Catalina-utility-2" [_thread_blocked, id=3984, stack(0x00007ff4696ff000,0x00007ff469800000)]
  0x00007ff4c0e0a080 JavaThread "container-0" [_thread_blocked, id=3985, stack(0x00007ff4695fe000,0x00007ff4696ff000)]
  0x00007ff4c14aaba0 JavaThread "http-nio-8080-Poller" daemon [_thread_in_native, id=3987, stack(0x00007ff46b1e0000,0x00007ff46b2e1000)]
  0x00007ff4c14b0b90 JavaThread "http-nio-8080-Acceptor" daemon [_thread_in_native, id=3988, stack(0x00007ff4694fd000,0x00007ff4695fe000)]
  0x00007ff4c00260d0 JavaThread "DestroyJavaVM" [_thread_blocked, id=3941, stack(0x00007ff4c76be000,0x00007ff4c77bf000)]
  0x00007ff448007ae0 JavaThread "http-nio-8080-exec-1" daemon [_thread_blocked, id=4016, stack(0x00007ff43b9fa000,0x00007ff43bafb000)]
  0x00007ff4480085a0 JavaThread "http-nio-8080-exec-2" daemon [_thread_blocked, id=4017, stack(0x00007ff43beff000,0x00007ff43c000000)]
  0x00007ff448008ff0 JavaThread "http-nio-8080-exec-3" daemon [_thread_blocked, id=4018, stack(0x00007ff43b8f9000,0x00007ff43b9fa000)]
  0x00007ff448009b50 JavaThread "http-nio-8080-exec-4" daemon [_thread_blocked, id=4021, stack(0x00007ff43bafb000,0x00007ff43bbfc000)]
  0x00007ff44800a6b0 JavaThread "http-nio-8080-exec-5" daemon [_thread_blocked, id=4025, stack(0x00007ff43b7f8000,0x00007ff43b8f9000)]
  0x00007ff44800b7d0 JavaThread "http-nio-8080-exec-6" daemon [_thread_blocked, id=4027, stack(0x00007ff43b6f7000,0x00007ff43b7f8000)]
  0x00007ff44800c8f0 JavaThread "http-nio-8080-exec-7" daemon [_thread_blocked, id=4048, stack(0x00007ff43b5f6000,0x00007ff43b6f7000)]
  0x00007ff44800da20 JavaThread "http-nio-8080-exec-8" daemon [_thread_blocked, id=4049, stack(0x00007ff43b4f5000,0x00007ff43b5f6000)]
  0x00007ff44800eb50 JavaThread "http-nio-8080-exec-9" daemon [_thread_blocked, id=4050, stack(0x00007ff43b3f4000,0x00007ff43b4f5000)]
  0x00007ff44800fd70 JavaThread "http-nio-8080-exec-10" daemon [_thread_blocked, id=4051, stack(0x00007ff43b2f3000,0x00007ff43b3f4000)]
  0x00007ff478003270 JavaThread "RMI TCP Connection(17)-127.0.0.1" daemon [_thread_blocked, id=4152, stack(0x00007ff43bbfc000,0x00007ff43bcfd000)]
  0x00007ff44c00e0b0 JavaThread "JMX server connection timeout 56" daemon [_thread_blocked, id=4153, stack(0x00007ff43bcfd000,0x00007ff43bdfe000)]

Other Threads:
  0x00007ff4c00d8bd0 VMThread "VM Thread" [stack: 0x00007ff4ab8f8000,0x00007ff4ab9f8000] [id=3949]
  0x00007ff4c0171090 WatcherThread [stack: 0x00007ff46bf00000,0x00007ff46c000000] [id=3965]
  0x00007ff4c00537f0 GCTaskThread "GC Thread#0" [stack: 0x00007ff4ba288000,0x00007ff4ba388000] [id=3944]
  0x00007ff4a0005020 GCTaskThread "GC Thread#1" [stack: 0x00007ff46bbef000,0x00007ff46bcef000] [id=3966]
=>0x00007ff4a0008980 GCTaskThread "GC Thread#2" [stack: 0x00007ff46baed000,0x00007ff46bbed000] [id=3967]
  0x00007ff4a00096a0 GCTaskThread "GC Thread#3" [stack: 0x00007ff46b9eb000,0x00007ff46baeb000] [id=3968]
  0x00007ff4c005c450 ConcurrentGCThread "G1 Main Marker" [stack: 0x00007ff4ba186000,0x00007ff4ba286000] [id=3945]
  0x00007ff4c005d3b0 ConcurrentGCThread "G1 Conc#0" [stack: 0x00007ff4ba084000,0x00007ff4ba184000] [id=3946]
  0x00007ff4c00972a0 ConcurrentGCThread "G1 Refine#0" [stack: 0x00007ff4abafc000,0x00007ff4abbfc000] [id=3947]
  0x00007ff4a4000d30 ConcurrentGCThread "G1 Refine#1" [stack: 0x00007ff46b8e9000,0x00007ff46b9e9000] [id=3969]
  0x00007ff4c0098190 ConcurrentGCThread "G1 Service" [stack: 0x00007ff4ab9fa000,0x00007ff4abafa000] [id=3948]

Threads with active compile tasks:
C1 CompilerThread0   418332 4930       1       sun.security.provider.ByteArrayAccess::b2iBig64 (231 bytes)

VM state: at safepoint (normal execution)

VM Mutex/Monitor currently owned by a thread:  ([mutex/lock_event])
[0x00007ff4c0022c20] Threads_lock - owner thread: 0x00007ff4c00d8bd0
[0x00007ff4c00233d0] Heap_lock - owner thread: 0x00007ff478003270

Heap address: 0x00000000c4c00000, size: 948 MB, Compressed Oops mode: 32-bit

CDS archive(s) not mapped
Compressed class space mapped at: 0x0000000100000000-0x0000000140000000, reserved size: 1073741824
Narrow klass base: 0x0000000000000000, Narrow klass shift: 3, Narrow klass range: 0x140000000

GC Precious Log:
 CPUs: 4 total, 4 available
 Memory: 3787M
 Large Page Support: Disabled
 NUMA Support: Disabled
 Compressed Oops: Enabled (32-bit)
 Heap Region Size: 1M
 Heap Min Capacity: 8M
 Heap Initial Capacity: 60M
 Heap Max Capacity: 948M
 Pre-touch: Disabled
 Parallel Workers: 4
 Concurrent Workers: 1
 Concurrent Refinement Workers: 4
 Periodic GC: Disabled

Heap:
 garbage-first heap   total 61440K, used 49435K [0x00000000c4c00000, 0x0000000100000000)
  region size 1024K, 29 young (29696K), 3 survivors (3072K)
 Metaspace       used 60601K, committed 60992K, reserved 1105920K
  class space    used 8171K, committed 8320K, reserved 1048576K

Heap Regions: E=young(eden), S=young(survivor), O=old, HS=humongous(starts), HC=humongous(continues), CS=collection set, F=free, OA=open archive, CA=closed archive, TAMS=top-at-mark-start (previous, next)
|   0|0x00000000c4c00000, 0x00000000c4d00000, 0x00000000c4d00000|100%|HS|  |TAMS 0x00000000c4d00000, 0x00000000c4c00000| Complete 
|   1|0x00000000c4d00000, 0x00000000c4e00000, 0x00000000c4e00000|100%| O|  |TAMS 0x00000000c4e00000, 0x00000000c4d00000| Untracked 
|   2|0x00000000c4e00000, 0x00000000c4f00000, 0x00000000c4f00000|100%| O|  |TAMS 0x00000000c4f00000, 0x00000000c4e00000| Untracked 
|   3|0x00000000c4f00000, 0x00000000c5000000, 0x00000000c5000000|100%| O|  |TAMS 0x00000000c5000000, 0x00000000c4f00000| Untracked 
|   4|0x00000000c5000000, 0x00000000c5100000, 0x00000000c5100000|100%| O|  |TAMS 0x00000000c5100000, 0x00000000c5000000| Untracked 
|   5|0x00000000c5100000, 0x00000000c5200000, 0x00000000c5200000|100%| O|  |TAMS 0x00000000c5200000, 0x00000000c5100000| Untracked 
|   6|0x00000000c5200000, 0x00000000c5300000, 0x00000000c5300000|100%| O|  |TAMS 0x00000000c5300000, 0x00000000c5200000| Untracked 
|   7|0x00000000c5300000, 0x00000000c5400000, 0x00000000c5400000|100%| O|  |TAMS 0x00000000c5400000, 0x00000000c5300000| Untracked 
|   8|0x00000000c5400000, 0x00000000c5500000, 0x00000000c5500000|100%| O|  |TAMS 0x00000000c5500000, 0x00000000c5400000| Untracked 
|   9|0x00000000c5500000, 0x00000000c5600000, 0x00000000c5600000|100%| O|  |TAMS 0x00000000c5600000, 0x00000000c5500000| Untracked 
|  10|0x00000000c5600000, 0x00000000c5700000, 0x00000000c5700000|100%| O|  |TAMS 0x00000000c5700000, 0x00000000c5600000| Untracked 
|  11|0x00000000c5700000, 0x00000000c5800000, 0x00000000c5800000|100%| O|  |TAMS 0x00000000c5800000, 0x00000000c5700000| Untracked 
|  12|0x00000000c5800000, 0x00000000c5900000, 0x00000000c5900000|100%| O|  |TAMS 0x00000000c5900000, 0x00000000c5800000| Untracked 
|  13|0x00000000c5900000, 0x00000000c5a00000, 0x00000000c5a00000|100%| O|  |TAMS 0x00000000c5a00000, 0x00000000c5900000| Untracked 
|  14|0x00000000c5a00000, 0x00000000c5b00000, 0x00000000c5b00000|100%| O|  |TAMS 0x00000000c5b00000, 0x00000000c5a00000| Untracked 
|  15|0x00000000c5b00000, 0x00000000c5b50c00, 0x00000000c5c00000| 31%| O|  |TAMS 0x00000000c5b50c00, 0x00000000c5b00000| Untracked 
|  16|0x00000000c5c00000, 0x00000000c5d00000, 0x00000000c5d00000|100%| O|  |TAMS 0x00000000c5c00000, 0x00000000c5c00000| Untracked 
|  17|0x00000000c5d00000, 0x00000000c5e00000, 0x00000000c5e00000|100%| O|  |TAMS 0x00000000c5d00000, 0x00000000c5d00000| Untracked 
|  18|0x00000000c5e00000, 0x00000000c5f00000, 0x00000000c5f00000|100%| O|  |TAMS 0x00000000c5e00000, 0x00000000c5e00000| Untracked 
|  19|0x00000000c5f00000, 0x00000000c6000000, 0x00000000c6000000|100%| O|  |TAMS 0x00000000c5f00000, 0x00000000c5f00000| Untracked 
|  20|0x00000000c6000000, 0x00000000c6100000, 0x00000000c6100000|100%| O|  |TAMS 0x00000000c6000000, 0x00000000c6000000| Untracked 
|  21|0x00000000c6100000, 0x00000000c6200000, 0x00000000c6200000|100%| O|  |TAMS 0x00000000c6100000, 0x00000000c6100000| Untracked 
|  22|0x00000000c6200000, 0x00000000c62b6ca0, 0x00000000c6300000| 71%| O|  |TAMS 0x00000000c6200000, 0x00000000c6200000| Untracked 
|  23|0x00000000c6300000, 0x00000000c6300000, 0x00000000c6400000|  0%| F|  |TAMS 0x00000000c6300000, 0x00000000c6300000| Untracked 
|  24|0x00000000c6400000, 0x00000000c6500000, 0x00000000c6500000|100%| E|CS|TAMS 0x00000000c6400000, 0x00000000c6400000| Complete 
|  25|0x00000000c6500000, 0x00000000c6600000, 0x00000000c6600000|100%| E|CS|TAMS 0x00000000c6500000, 0x00000000c6500000| Complete 
|  26|0x00000000c6600000, 0x00000000c6700000, 0x00000000c6700000|100%| E|CS|TAMS 0x00000000c6600000, 0x00000000c6600000| Complete 
|  27|0x00000000c6700000, 0x00000000c6700000, 0x00000000c6800000|  0%| F|  |TAMS 0x00000000c6700000, 0x00000000c6700000| Untracked 
|  28|0x00000000c6800000, 0x00000000c6800000, 0x00000000c6900000|  0%| F|  |TAMS 0x00000000c6800000, 0x00000000c6800000| Untracked 
|  29|0x00000000c6900000, 0x00000000c6900000, 0x00000000c6a00000|  0%| F|  |TAMS 0x00000000c6900000, 0x00000000c6900000| Untracked 
|  30|0x00000000c6a00000, 0x00000000c6b00000, 0x00000000c6b00000|100%| S|  |TAMS 0x00000000c6a00000, 0x00000000c6a00000| Complete 
|  31|0x00000000c6b00000, 0x00000000c6c00000, 0x00000000c6c00000|100%| E|CS|TAMS 0x00000000c6b00000, 0x00000000c6b00000| Complete 
|  32|0x00000000c6c00000, 0x00000000c6d00000, 0x00000000c6d00000|100%| S|  |TAMS 0x00000000c6c00000, 0x00000000c6c00000| Complete 
|  33|0x00000000c6d00000, 0x00000000c6e00000, 0x00000000c6e00000|100%| S|  |TAMS 0x00000000c6d00000, 0x00000000c6d00000| Complete 
|  34|0x00000000c6e00000, 0x00000000c6f00000, 0x00000000c6f00000|100%| E|CS|TAMS 0x00000000c6e00000, 0x00000000c6e00000| Complete 
|  35|0x00000000c6f00000, 0x00000000c7000000, 0x00000000c7000000|100%| E|CS|TAMS 0x00000000c6f00000, 0x00000000c6f00000| Complete 
|  36|0x00000000c7000000, 0x00000000c7100000, 0x00000000c7100000|100%| E|CS|TAMS 0x00000000c7000000, 0x00000000c7000000| Complete 
|  37|0x00000000c7100000, 0x00000000c7200000, 0x00000000c7200000|100%| E|CS|TAMS 0x00000000c7100000, 0x00000000c7100000| Complete 
|  38|0x00000000c7200000, 0x00000000c7300000, 0x00000000c7300000|100%| E|CS|TAMS 0x00000000c7200000, 0x00000000c7200000| Complete 
|  39|0x00000000c7300000, 0x00000000c7400000, 0x00000000c7400000|100%| E|CS|TAMS 0x00000000c7300000, 0x00000000c7300000| Complete 
|  40|0x00000000c7400000, 0x00000000c7500000, 0x00000000c7500000|100%| E|CS|TAMS 0x00000000c7400000, 0x00000000c7400000| Complete 
|  41|0x00000000c7500000, 0x00000000c7600000, 0x00000000c7600000|100%| E|CS|TAMS 0x00000000c7500000, 0x00000000c7500000| Complete 
|  42|0x00000000c7600000, 0x00000000c7700000, 0x00000000c7700000|100%| E|CS|TAMS 0x00000000c7600000, 0x00000000c7600000| Complete 
|  43|0x00000000c7700000, 0x00000000c7800000, 0x00000000c7800000|100%| E|CS|TAMS 0x00000000c7700000, 0x00000000c7700000| Complete 
|  44|0x00000000c7800000, 0x00000000c7900000, 0x00000000c7900000|100%| E|CS|TAMS 0x00000000c7800000, 0x00000000c7800000| Complete 
|  45|0x00000000c7900000, 0x00000000c7a00000, 0x00000000c7a00000|100%| E|CS|TAMS 0x00000000c7900000, 0x00000000c7900000| Complete 
|  46|0x00000000c7a00000, 0x00000000c7b00000, 0x00000000c7b00000|100%| E|CS|TAMS 0x00000000c7a00000, 0x00000000c7a00000| Complete 
|  47|0x00000000c7b00000, 0x00000000c7c00000, 0x00000000c7c00000|100%| E|CS|TAMS 0x00000000c7b00000, 0x00000000c7b00000| Complete 
|  48|0x00000000c7c00000, 0x00000000c7d00000, 0x00000000c7d00000|100%| E|CS|TAMS 0x00000000c7c00000, 0x00000000c7c00000| Complete 
|  49|0x00000000c7d00000, 0x00000000c7e00000, 0x00000000c7e00000|100%| E|CS|TAMS 0x00000000c7d00000, 0x00000000c7d00000| Complete 
|  50|0x00000000c7e00000, 0x00000000c7f00000, 0x00000000c7f00000|100%| E|CS|TAMS 0x00000000c7e00000, 0x00000000c7e00000| Complete 
|  51|0x00000000c7f00000, 0x00000000c8000000, 0x00000000c8000000|100%| E|CS|TAMS 0x00000000c7f00000, 0x00000000c7f00000| Complete 
|  52|0x00000000c8000000, 0x00000000c8100000, 0x00000000c8100000|100%| E|CS|TAMS 0x00000000c8000000, 0x00000000c8000000| Complete 
|  53|0x00000000c8100000, 0x00000000c8200000, 0x00000000c8200000|100%| E|CS|TAMS 0x00000000c8100000, 0x00000000c8100000| Complete 
|  54|0x00000000c8200000, 0x00000000c8300000, 0x00000000c8300000|100%| E|CS|TAMS 0x00000000c8200000, 0x00000000c8200000| Complete 
|  55|0x00000000c8300000, 0x00000000c8400000, 0x00000000c8400000|100%| E|CS|TAMS 0x00000000c8300000, 0x00000000c8300000| Complete 
|  56|0x00000000c8400000, 0x00000000c8500000, 0x00000000c8500000|100%| E|CS|TAMS 0x00000000c8400000, 0x00000000c8400000| Complete 
|  57|0x00000000c8500000, 0x00000000c8600000, 0x00000000c8600000|100%| E|CS|TAMS 0x00000000c8500000, 0x00000000c8500000| Complete 
|  66|0x00000000c8e00000, 0x00000000c8f00000, 0x00000000c8f00000|100%| E|CS|TAMS 0x00000000c8e00000, 0x00000000c8e00000| Complete 
|  95|0x00000000cab00000, 0x00000000cac00000, 0x00000000cac00000|100%| E|CS|TAMS 0x00000000cab00000, 0x00000000cab00000| Complete 

Card table byte_map: [0x00007ff4bc302000,0x00007ff4bc4dc000] _byte_map_base: 0x00007ff4bbcdc000

Marking Bits (Prev, Next): (CMBitMap*) 0x00007ff4c00542b0, (CMBitMap*) 0x00007ff4c0054270
 Prev Bits: [0x00007ff4ba388000, 0x00007ff4bb258000)
 Next Bits: [0x00007ff4bb258000, 0x00007ff4bc128000)

Polling page: 0x00007ff4c9397000

Metaspace:

Usage:
  Non-class:     51,20 MB used.
      Class:      7,98 MB used.
       Both:     59,18 MB used.

Virtual space:
  Non-class space:       56,00 MB reserved,      51,44 MB ( 92%) committed,  7 nodes.
      Class space:        1,00 GB reserved,       8,12 MB ( <1%) committed,  1 nodes.
             Both:        1,05 GB reserved,      59,56 MB (  6%) committed. 

Chunk freelists:
   Non-Class:  144,00 KB
       Class:  3,82 MB
        Both:  3,96 MB

MaxMetaspaceSize: unlimited
CompressedClassSpaceSize: 1,00 GB
Initial GC threshold: 21,00 MB
Current GC threshold: 76,19 MB
CDS: off
MetaspaceReclaimPolicy: balanced
 - commit_granule_bytes: 65536.
 - commit_granule_words: 8192.
 - virtual_space_node_default_size: 1048576.
 - enlarge_chunks_in_place: 1.
 - new_chunks_are_fully_committed: 0.
 - uncommit_free_chunks: 1.
 - use_allocation_guard: 0.
 - handle_deallocations: 1.


Internal statistics:

num_allocs_failed_limit: 9.
num_arena_births: 518.
num_arena_deaths: 0.
num_vsnodes_births: 8.
num_vsnodes_deaths: 0.
num_space_committed: 953.
num_space_uncommitted: 0.
num_chunks_returned_to_freelist: 9.
num_chunks_taken_from_freelist: 2396.
num_chunk_merges: 9.
num_chunk_splits: 1706.
num_chunks_enlarged: 1320.
num_purges: 0.
num_inconsistent_stats: 0.

CodeCache: size=49152Kb used=8849Kb max_used=8849Kb free=40302Kb
 bounds [0x00007ff4c4255000, 0x00007ff4c4b05000, 0x00007ff4c7255000]
 total_blobs=5488 nmethods=4894 adapters=523
 compilation: enabled
              stopped_count=0, restarted_count=0
 full_count=0

Compilation events (20 events):
Event: 283,797 Thread 0x00007ff4c0151f20 nmethod 4919 0x00007ff4c4af5290 code [0x00007ff4c4af54c0, 0x00007ff4c4af5cc0]
Event: 290,794 Thread 0x00007ff4c0151f20 4920       1       java.util.concurrent.ThreadPoolExecutor$Worker::unlock (7 bytes)
Event: 290,795 Thread 0x00007ff4c0151f20 nmethod 4920 0x00007ff4c4af6210 code [0x00007ff4c4af63c0, 0x00007ff4c4af64e0]
Event: 312,362 Thread 0x00007ff4c0151f20 4922       1       java.util.HashMap$Values::toArray (16 bytes)
Event: 312,363 Thread 0x00007ff4c0151f20 nmethod 4922 0x00007ff4c4af6990 code [0x00007ff4c4af6b40, 0x00007ff4c4af6c50]
Event: 313,793 Thread 0x00007ff4c0151f20 4923       1       java.util.concurrent.ScheduledThreadPoolExecutor::reExecutePeriodic (49 bytes)
Event: 313,795 Thread 0x00007ff4c0151f20 nmethod 4923 0x00007ff4c4af6d10 code [0x00007ff4c4af6f00, 0x00007ff4c4af7140]
Event: 332,364 Thread 0x00007ff4c0151f20 4924       1       org.apache.catalina.core.ContainerBase::getBackgroundProcessorDelay (5 bytes)
Event: 332,364 Thread 0x00007ff4c0151f20 nmethod 4924 0x00007ff4c4af7310 code [0x00007ff4c4af74a0, 0x00007ff4c4af7570]
Event: 372,368 Thread 0x00007ff4c0151f20 4925       1       org.apache.catalina.core.StandardPipeline::getFirst (17 bytes)
Event: 372,369 Thread 0x00007ff4c0151f20 nmethod 4925 0x00007ff4c4af7610 code [0x00007ff4c4af77a0, 0x00007ff4c4af7890]
Event: 382,369 Thread 0x00007ff4c0151f20 4927       1       org.apache.catalina.valves.ValveBase::backgroundProcess (1 bytes)
Event: 382,369 Thread 0x00007ff4c0151f20 nmethod 4927 0x00007ff4c4af7910 code [0x00007ff4c4af7aa0, 0x00007ff4c4af7b50]
Event: 382,369 Thread 0x00007ff4c0151f20 4926       1       java.util.concurrent.ConcurrentHashMap$CollectionView::size (8 bytes)
Event: 382,370 Thread 0x00007ff4c0151f20 nmethod 4926 0x00007ff4c4af7c10 code [0x00007ff4c4af7dc0, 0x00007ff4c4af7f20]
Event: 418,159 Thread 0x00007ff4c0151f20 4928       1       sun.rmi.runtime.Log$LoggerLog::log (45 bytes)
Event: 418,161 Thread 0x00007ff4c0151f20 nmethod 4928 0x00007ff4c4af8010 code [0x00007ff4c4af8220, 0x00007ff4c4af85f0]
Event: 418,161 Thread 0x00007ff4c0151f20 4929   !   1       java.io.ObjectInputStream$ValidationList::doCallbacks (58 bytes)
Event: 418,163 Thread 0x00007ff4c0151f20 nmethod 4929 0x00007ff4c4af8910 code [0x00007ff4c4af8b40, 0x00007ff4c4af90f0]
Event: 418,178 Thread 0x00007ff4c0151f20 4930       1       sun.security.provider.ByteArrayAccess::b2iBig64 (231 bytes)

GC Heap History (20 events):
Event: 6,168 GC heap after
{Heap after GC invocations=7 (full 0):
 garbage-first heap   total 49152K, used 10918K [0x00000000c4c00000, 0x0000000100000000)
  region size 1024K, 1 young (1024K), 1 survivors (1024K)
 Metaspace       used 26089K, committed 26368K, reserved 1073152K
  class space    used 3121K, committed 3264K, reserved 1048576K
}
Event: 6,210 GC heap before
{Heap before GC invocations=7 (full 0):
 garbage-first heap   total 49152K, used 32422K [0x00000000c4c00000, 0x0000000100000000)
  region size 1024K, 23 young (23552K), 1 survivors (1024K)
 Metaspace       used 26133K, committed 26432K, reserved 1073152K
  class space    used 3127K, committed 3264K, reserved 1048576K
}
Event: 6,213 GC heap after
{Heap after GC invocations=8 (full 0):
 garbage-first heap   total 49152K, used 10552K [0x00000000c4c00000, 0x0000000100000000)
  region size 1024K, 1 young (1024K), 1 survivors (1024K)
 Metaspace       used 26133K, committed 26432K, reserved 1073152K
  class space    used 3127K, committed 3264K, reserved 1048576K
}
Event: 6,841 GC heap before
{Heap before GC invocations=8 (full 0):
 garbage-first heap   total 49152K, used 34104K [0x00000000c4c00000, 0x0000000100000000)
  region size 1024K, 25 young (25600K), 1 survivors (1024K)
 Metaspace       used 27161K, committed 27456K, reserved 1073152K
  class space    used 3259K, committed 3392K, reserved 1048576K
}
Event: 6,853 GC heap after
{Heap after GC invocations=9 (full 0):
 garbage-first heap   total 49152K, used 11385K [0x00000000c4c00000, 0x0000000100000000)
  region size 1024K, 1 young (1024K), 1 survivors (1024K)
 Metaspace       used 27161K, committed 27456K, reserved 1073152K
  class space    used 3259K, committed 3392K, reserved 1048576K
}
Event: 8,809 GC heap before
{Heap before GC invocations=9 (full 0):
 garbage-first heap   total 49152K, used 35961K [0x00000000c4c00000, 0x0000000100000000)
  region size 1024K, 26 young (26624K), 1 survivors (1024K)
 Metaspace       used 30284K, committed 30656K, reserved 1081344K
  class space    used 3732K, committed 3904K, reserved 1048576K
}
Event: 8,826 GC heap after
{Heap after GC invocations=10 (full 0):
 garbage-first heap   total 49152K, used 13202K [0x00000000c4c00000, 0x0000000100000000)
  region size 1024K, 3 young (3072K), 3 survivors (3072K)
 Metaspace       used 30284K, committed 30656K, reserved 1081344K
  class space    used 3732K, committed 3904K, reserved 1048576K
}
Event: 10,645 GC heap before
{Heap before GC invocations=10 (full 0):
 garbage-first heap   total 49152K, used 36754K [0x00000000c4c00000, 0x0000000100000000)
  region size 1024K, 26 young (26624K), 3 survivors (3072K)
 Metaspace       used 34536K, committed 34880K, reserved 1081344K
  class space    used 4348K, committed 4480K, reserved 1048576K
}
Event: 10,678 GC heap after
{Heap after GC invocations=11 (full 0):
 garbage-first heap   total 49152K, used 15710K [0x00000000c4c00000, 0x0000000100000000)
  region size 1024K, 4 young (4096K), 4 survivors (4096K)
 Metaspace       used 34536K, committed 34880K, reserved 1081344K
  class space    used 4348K, committed 4480K, reserved 1048576K
}
Event: 10,695 GC heap before
{Heap before GC invocations=11 (full 0):
 garbage-first heap   total 49152K, used 35166K [0x00000000c4c00000, 0x0000000100000000)
  region size 1024K, 24 young (24576K), 4 survivors (4096K)
 Metaspace       used 34536K, committed 34880K, reserved 1081344K
  class space    used 4348K, committed 4480K, reserved 1048576K
}
Event: 10,720 GC heap after
{Heap after GC invocations=12 (full 0):
 garbage-first heap   total 98304K, used 15735K [0x00000000c4c00000, 0x0000000100000000)
  region size 1024K, 1 young (1024K), 1 survivors (1024K)
 Metaspace       used 34536K, committed 34880K, reserved 1081344K
  class space    used 4348K, committed 4480K, reserved 1048576K
}
Event: 11,482 GC heap before
{Heap before GC invocations=12 (full 0):
 garbage-first heap   total 98304K, used 43383K [0x00000000c4c00000, 0x0000000100000000)
  region size 1024K, 30 young (30720K), 1 survivors (1024K)
 Metaspace       used 35812K, committed 36096K, reserved 1081344K
  class space    used 4492K, committed 4608K, reserved 1048576K
}
Event: 11,493 GC heap after
{Heap after GC invocations=13 (full 0):
 garbage-first heap   total 98304K, used 16372K [0x00000000c4c00000, 0x0000000100000000)
  region size 1024K, 1 young (1024K), 1 survivors (1024K)
 Metaspace       used 35812K, committed 36096K, reserved 1081344K
  class space    used 4492K, committed 4608K, reserved 1048576K
}
Event: 14,245 GC heap before
{Heap before GC invocations=14 (full 0):
 garbage-first heap   total 61440K, used 55284K [0x00000000c4c00000, 0x0000000100000000)
  region size 1024K, 39 young (39936K), 1 survivors (1024K)
 Metaspace       used 46012K, committed 46400K, reserved 1089536K
  class space    used 6046K, committed 6208K, reserved 1048576K
}
Event: 14,264 GC heap after
{Heap after GC invocations=15 (full 0):
 garbage-first heap   total 61440K, used 18785K [0x00000000c4c00000, 0x0000000100000000)
  region size 1024K, 4 young (4096K), 4 survivors (4096K)
 Metaspace       used 46012K, committed 46400K, reserved 1089536K
  class space    used 6046K, committed 6208K, reserved 1048576K
}
Event: 16,384 GC heap before
{Heap before GC invocations=16 (full 0):
 garbage-first heap   total 61440K, used 48481K [0x00000000c4c00000, 0x0000000100000000)
  region size 1024K, 33 young (33792K), 4 survivors (4096K)
 Metaspace       used 53841K, committed 54208K, reserved 1097728K
  class space    used 7251K, committed 7424K, reserved 1048576K
}
Event: 16,401 GC heap after
{Heap after GC invocations=17 (full 0):
 garbage-first heap   total 61440K, used 20299K [0x00000000c4c00000, 0x0000000100000000)
  region size 1024K, 4 young (4096K), 4 survivors (4096K)
 Metaspace       used 53841K, committed 54208K, reserved 1097728K
  class space    used 7251K, committed 7424K, reserved 1048576K
}
Event: 18,381 GC heap before
{Heap before GC invocations=17 (full 0):
 garbage-first heap   total 61440K, used 48971K [0x00000000c4c00000, 0x0000000100000000)
  region size 1024K, 32 young (32768K), 4 survivors (4096K)
 Metaspace       used 57818K, committed 58176K, reserved 1105920K
  class space    used 7843K, committed 8000K, reserved 1048576K
}
Event: 18,400 GC heap after
{Heap after GC invocations=18 (full 0):
 garbage-first heap   total 61440K, used 22811K [0x00000000c4c00000, 0x0000000100000000)
  region size 1024K, 4 young (4096K), 4 survivors (4096K)
 Metaspace       used 57818K, committed 58176K, reserved 1105920K
  class space    used 7843K, committed 8000K, reserved 1048576K
}
Event: 418,189 GC heap before
{Heap before GC invocations=18 (full 0):
 garbage-first heap   total 61440K, used 48411K [0x00000000c4c00000, 0x0000000100000000)
  region size 1024K, 30 young (30720K), 4 survivors (4096K)
 Metaspace       used 60601K, committed 60992K, reserved 1105920K
  class space    used 8171K, committed 8320K, reserved 1048576K
}

Deoptimization events (14 events):
Event: 3,203 Thread 0x00007ff4c00260d0 DEOPT PACKING pc=0x00007ff4c4428af5 sp=0x00007ff4c77bbf50
Event: 3,203 Thread 0x00007ff4c00260d0 DEOPT UNPACKING pc=0x00007ff4c42a7810 sp=0x00007ff4c77bb3c8 mode 3
Event: 7,304 Thread 0x00007ff4c00260d0 DEOPT PACKING pc=0x00007ff4c47198f9 sp=0x00007ff4c77bb5c0
Event: 7,304 Thread 0x00007ff4c00260d0 DEOPT UNPACKING pc=0x00007ff4c42a7810 sp=0x00007ff4c77baac0 mode 3
Event: 12,255 Thread 0x00007ff4c00260d0 DEOPT PACKING pc=0x00007ff4c4865495 sp=0x00007ff4c77bae30
Event: 12,255 Thread 0x00007ff4c00260d0 DEOPT UNPACKING pc=0x00007ff4c42a7810 sp=0x00007ff4c77ba3b8 mode 3
Event: 12,533 Thread 0x00007ff4c00260d0 DEOPT PACKING pc=0x00007ff4c48aa7f5 sp=0x00007ff4c77b8550
Event: 12,533 Thread 0x00007ff4c00260d0 DEOPT UNPACKING pc=0x00007ff4c42a7810 sp=0x00007ff4c77b7ad0 mode 3
Event: 17,293 Thread 0x00007ff4c00260d0 DEOPT PACKING pc=0x00007ff4c494e275 sp=0x00007ff4c77b9da0
Event: 17,293 Thread 0x00007ff4c00260d0 DEOPT UNPACKING pc=0x00007ff4c42a7810 sp=0x00007ff4c77b9230 mode 3
Event: 18,195 Thread 0x00007ff4c00260d0 DEOPT PACKING pc=0x00007ff4c4663250 sp=0x00007ff4c77bc450
Event: 18,195 Thread 0x00007ff4c00260d0 DEOPT UNPACKING pc=0x00007ff4c42a7810 sp=0x00007ff4c77bb988 mode 3
Event: 18,196 Thread 0x00007ff4c00260d0 DEOPT PACKING pc=0x00007ff4c4608732 sp=0x00007ff4c77bc420
Event: 18,196 Thread 0x00007ff4c00260d0 DEOPT UNPACKING pc=0x00007ff4c42a7810 sp=0x00007ff4c77bb988 mode 3

Classes unloaded (0 events):
No events

Classes redefined (0 events):
No events

Internal exceptions (20 events):
Event: 16,670 Thread 0x00007ff4c00260d0 Exception <a 'java/lang/ClassNotFoundException'{0x00000000c848bb50}: org/springframework/context/ApplicationContextAwareCustomizer> (0x00000000c848bb50) 
thrown [src/hotspot/share/classfile/systemDictionary.cpp, line 256]
Event: 16,672 Thread 0x00007ff4c00260d0 Exception <a 'java/lang/ClassNotFoundException'{0x00000000c8491d58}: org/springframework/beans/factory/AwareCustomizer> (0x00000000c8491d58) 
thrown [src/hotspot/share/classfile/systemDictionary.cpp, line 256]
Event: 16,673 Thread 0x00007ff4c00260d0 Exception <a 'java/lang/ClassNotFoundException'{0x00000000c8496848}: org/springframework/web/context/ServletContextAwareCustomizer> (0x00000000c8496848) 
thrown [src/hotspot/share/classfile/systemDictionary.cpp, line 256]
Event: 16,674 Thread 0x00007ff4c00260d0 Exception <a 'java/lang/ClassNotFoundException'{0x00000000c849c398}: org/springframework/beans/factory/AwareCustomizer> (0x00000000c849c398) 
thrown [src/hotspot/share/classfile/systemDictionary.cpp, line 256]
Event: 16,784 Thread 0x00007ff4c00260d0 Exception <a 'java/lang/ClassNotFoundException'{0x00000000c83c9358}: java/lang/ObjectCustomizer> (0x00000000c83c9358) 
thrown [src/hotspot/share/classfile/systemDictionary.cpp, line 256]
Event: 16,786 Thread 0x00007ff4c00260d0 Exception <a 'java/lang/ClassNotFoundException'{0x00000000c83d1db8}: org/springframework/security/config/annotation/web/configuration/WebSecurityConfigurationCustomizer> (0x00000000c83d1db8) 
thrown [src/hotspot/share/classfile/systemDictionary.cpp, line 256]
Event: 16,789 Thread 0x00007ff4c00260d0 Exception <a 'java/lang/ClassNotFoundException'{0x00000000c83e1200}: org/springframework/context/annotation/ImportAwareCustomizer> (0x00000000c83e1200) 
thrown [src/hotspot/share/classfile/systemDictionary.cpp, line 256]
Event: 16,790 Thread 0x00007ff4c00260d0 Exception <a 'java/lang/ClassNotFoundException'{0x00000000c83e6960}: org/springframework/beans/factory/AwareCustomizer> (0x00000000c83e6960) 
thrown [src/hotspot/share/classfile/systemDictionary.cpp, line 256]
Event: 16,790 Thread 0x00007ff4c00260d0 Exception <a 'java/lang/ClassNotFoundException'{0x00000000c83eb610}: org/springframework/beans/factory/BeanClassLoaderAwareCustomizer> (0x00000000c83eb610) 
thrown [src/hotspot/share/classfile/systemDictionary.cpp, line 256]
Event: 16,791 Thread 0x00007ff4c00260d0 Exception <a 'java/lang/ClassNotFoundException'{0x00000000c83f0d50}: org/springframework/beans/factory/AwareCustomizer> (0x00000000c83f0d50) 
thrown [src/hotspot/share/classfile/systemDictionary.cpp, line 256]
Event: 17,472 Thread 0x00007ff4c00260d0 Exception <a 'java/lang/ClassNotFoundException'{0x00000000c79a1d30}: java/lang/ObjectCustomizer> (0x00000000c79a1d30) 
thrown [src/hotspot/share/classfile/systemDictionary.cpp, line 256]
Event: 17,474 Thread 0x00007ff4c00260d0 Exception <a 'java/lang/ClassNotFoundException'{0x00000000c79aa790}: org/springframework/security/config/annotation/web/configuration/HttpSecurityConfigurationCustomizer> (0x00000000c79aa790) 
thrown [src/hotspot/share/classfile/systemDictionary.cpp, line 256]
Event: 17,914 Thread 0x00007ff4c00260d0 Exception <a 'java/lang/NoSuchMethodError'{0x00000000c72459c8}: 'void java.lang.invoke.DirectMethodHandle$Holder.invokeVirtual(java.lang.Object, java.lang.Object, int)'> (0x00000000c72459c8) 
thrown [src/hotspot/share/interpreter/linkResolver.cpp, line 766]
Event: 17,919 Thread 0x00007ff4c00260d0 Exception <a 'java/lang/NoSuchMethodError'{0x00000000c7260520}: 'void java.lang.invoke.DirectMethodHandle$Holder.invokeVirtual(java.lang.Object, java.lang.Object, long)'> (0x00000000c7260520) 
thrown [src/hotspot/share/interpreter/linkResolver.cpp, line 766]
Event: 18,259 Thread 0x00007ff4c00260d0 Exception <a 'java/lang/IncompatibleClassChangeError'{0x00000000c6d5f298}: Found class java.lang.Object, but interface was expected> (0x00000000c6d5f298) 
thrown [src/hotspot/share/interpreter/linkResolver.cpp, line 833]
Event: 18,375 Thread 0x00007ff4c00260d0 Exception <a 'java/lang/NoSuchMethodError'{0x00000000c6ce6a08}: 'int java.lang.invoke.DirectMethodHandle$Holder.invokeStaticInit(java.lang.Object, java.lang.Object, java.lang.Object, java.lang.Object)'> (0x00000000c6ce6a08) 
thrown [src/hotspot/share/interpreter/linkResolver.cpp, line 766]
Event: 18,747 Thread 0x00007ff4c00260d0 Exception <a 'java/lang/NoSuchMethodError'{0x00000000c8282ee0}: 'java.lang.Object java.lang.invoke.DirectMethodHandle$Holder.invokeSpecial(java.lang.Object, java.lang.Object, int, java.lang.Object, int, java.lang.Object)'> (0x00000000c8282ee0) 
thrown [src/hotspot/share/interpreter/linkResolver.cpp, line 766]
Event: 18,749 Thread 0x00007ff4c00260d0 Exception <a 'java/lang/NoSuchMethodError'{0x00000000c828ace0}: 'java.lang.Object java.lang.invoke.DirectMethodHandle$Holder.newInvokeSpecial(java.lang.Object, java.lang.Object, int, java.lang.Object, int)'> (0x00000000c828ace0) 
thrown [src/hotspot/share/interpreter/linkResolver.cpp, line 766]
Event: 18,750 Thread 0x00007ff4c00260d0 Exception <a 'java/lang/NoSuchMethodError'{0x00000000c828ede0}: 'java.lang.Object java.lang.invoke.DirectMethodHandle$Holder.invokeSpecial(java.lang.Object, java.lang.Object, java.lang.Object, int, java.lang.Object, int)'> (0x00000000c828ede0) 
thrown [src/hotspot/share/interpreter/linkResolver.cpp, line 766]
Event: 18,754 Thread 0x00007ff4c00260d0 Exception <a 'java/lang/NoSuchMethodError'{0x00000000c8299010}: 'void java.lang.invoke.DirectMethodHandle$Holder.invokeVirtual(java.lang.Object, java.lang.Object)'> (0x00000000c8299010) 
thrown [src/hotspot/share/interpreter/linkResolver.cpp, line 766]

VM Operations (20 events):
Event: 199,308 Executing VM operation: Cleanup done
Event: 203,309 Executing VM operation: Cleanup
Event: 203,310 Executing VM operation: Cleanup done
Event: 205,310 Executing VM operation: Cleanup
Event: 205,311 Executing VM operation: Cleanup done
Event: 213,314 Executing VM operation: Cleanup
Event: 213,314 Executing VM operation: Cleanup done
Event: 214,315 Executing VM operation: Cleanup
Event: 214,315 Executing VM operation: Cleanup done
Event: 216,315 Executing VM operation: Cleanup
Event: 216,315 Executing VM operation: Cleanup done
Event: 217,316 Executing VM operation: Cleanup
Event: 217,316 Executing VM operation: Cleanup done
Event: 222,317 Executing VM operation: Cleanup
Event: 222,317 Executing VM operation: Cleanup done
Event: 258,326 Executing VM operation: Cleanup
Event: 258,326 Executing VM operation: Cleanup done
Event: 319,350 Executing VM operation: Cleanup
Event: 319,350 Executing VM operation: Cleanup done
Event: 418,189 Executing VM operation: G1CollectForAllocation

Events (20 events):
Event: 151,845 loading class java/time/zone/ZoneRulesProvider$1
Event: 151,845 loading class java/time/zone/ZoneRulesProvider$1 done
Event: 151,846 loading class java/time/zone/TzdbZoneRulesProvider
Event: 151,846 loading class java/time/zone/TzdbZoneRulesProvider done
Event: 151,852 loading class java/time/zone/Ser
Event: 151,852 loading class java/time/zone/Ser done
Event: 151,852 loading class java/time/zone/ZoneRules
Event: 151,857 loading class java/time/zone/ZoneRules done
Event: 151,858 loading class java/time/zone/ZoneOffsetTransitionRule
Event: 151,861 loading class java/time/zone/ZoneOffsetTransitionRule done
Event: 151,863 loading class java/time/zone/ZoneOffsetTransition
Event: 151,864 loading class java/time/zone/ZoneOffsetTransition done
Event: 152,230 loading class java/net/URLEncoder
Event: 152,231 loading class java/net/URLEncoder done
Event: 152,231 loading class java/io/CharArrayWriter
Event: 152,232 loading class java/io/CharArrayWriter done
Event: 418,162 Thread 0x00007ff478003270 Thread added: 0x00007ff478003270
Event: 418,163 Protecting memory [0x00007ff43bbfc000,0x00007ff43bc00000] with protection modes 0
Event: 418,165 Thread 0x00007ff44c00e0b0 Thread added: 0x00007ff44c00e0b0
Event: 418,175 Protecting memory [0x00007ff43bcfd000,0x00007ff43bd01000] with protection modes 0


Dynamic libraries:
c4c00000-c8600000 rw-p 00000000 00:00 0 
c8600000-c8e00000 ---p 00000000 00:00 0 
c8e00000-c8f00000 rw-p 00000000 00:00 0 
c8f00000-cab00000 ---p 00000000 00:00 0 
cab00000-cac00000 rw-p 00000000 00:00 0 
cac00000-100000000 ---p 00000000 00:00 0 
100000000-100020000 rw-p 00000000 00:00 0 
100020000-100040000 rw-p 00000000 00:00 0 
100040000-1000c0000 rw-p 00000000 00:00 0 
1000c0000-1000e0000 rw-p 00000000 00:00 0 
1000e0000-100140000 rw-p 00000000 00:00 0 
100140000-100160000 rw-p 00000000 00:00 0 
100160000-1001c0000 rw-p 00000000 00:00 0 
1001c0000-100200000 rw-p 00000000 00:00 0 
100200000-100440000 rw-p 00000000 00:00 0 
100440000-100470000 rw-p 00000000 00:00 0 
100470000-100480000 ---p 00000000 00:00 0 
100480000-100830000 rw-p 00000000 00:00 0 
100830000-140000000 ---p 00000000 00:00 0 
5627f0600000-5627f0601000 r-xp 00000000 b3:02 1967585                    /opt/sts-4.13.0.RELEASE/plugins/org.eclipse.justj.openjdk.hotspot.jre.full.linux.x86_64_17.0.1.v20211116-1657/jre/bin/java
5627f0801000-5627f0802000 r--p 00001000 b3:02 1967585                    /opt/sts-4.13.0.RELEASE/plugins/org.eclipse.justj.openjdk.hotspot.jre.full.linux.x86_64_17.0.1.v20211116-1657/jre/bin/java
5627f0802000-5627f0803000 rw-p 00002000 b3:02 1967585                    /opt/sts-4.13.0.RELEASE/plugins/org.eclipse.justj.openjdk.hotspot.jre.full.linux.x86_64_17.0.1.v20211116-1657/jre/bin/java
5627f205d000-5627f20a4000 rw-p 00000000 00:00 0                          [heap]
7ff434000000-7ff434021000 rw-p 00000000 00:00 0 
7ff434021000-7ff438000000 ---p 00000000 00:00 0 
7ff43af09000-7ff43b2f3000 rw-p 00000000 00:00 0 
7ff43b2f3000-7ff43b2f7000 ---p 00000000 00:00 0 
7ff43b2f7000-7ff43b3f4000 rw-p 00000000 00:00 0 
7ff43b3f4000-7ff43b3f8000 ---p 00000000 00:00 0 
7ff43b3f8000-7ff43b4f5000 rw-p 00000000 00:00 0 
7ff43b4f5000-7ff43b4f9000 ---p 00000000 00:00 0 
7ff43b4f9000-7ff43b5f6000 rw-p 00000000 00:00 0 
7ff43b5f6000-7ff43b5fa000 ---p 00000000 00:00 0 
7ff43b5fa000-7ff43b6f7000 rw-p 00000000 00:00 0 
7ff43b6f7000-7ff43b6fb000 ---p 00000000 00:00 0 
7ff43b6fb000-7ff43b7f8000 rw-p 00000000 00:00 0 
7ff43b7f8000-7ff43b7fc000 ---p 00000000 00:00 0 
7ff43b7fc000-7ff43b8f9000 rw-p 00000000 00:00 0 
7ff43b8f9000-7ff43b8fd000 ---p 00000000 00:00 0 
7ff43b8fd000-7ff43b9fa000 rw-p 00000000 00:00 0 
7ff43b9fa000-7ff43b9fe000 ---p 00000000 00:00 0 
7ff43b9fe000-7ff43bafb000 rw-p 00000000 00:00 0 
7ff43bafb000-7ff43baff000 ---p 00000000 00:00 0 
7ff43baff000-7ff43bbfc000 rw-p 00000000 00:00 0 
7ff43bbfc000-7ff43bc00000 ---p 00000000 00:00 0 
7ff43bc00000-7ff43bcfd000 rw-p 00000000 00:00 0 
7ff43bcfd000-7ff43bd01000 ---p 00000000 00:00 0 
7ff43bd01000-7ff43bdfe000 rw-p 00000000 00:00 0 
7ff43bdfe000-7ff43be02000 ---p 00000000 00:00 0 
7ff43be02000-7ff43beff000 rw-p 00000000 00:00 0 
7ff43beff000-7ff43bf03000 ---p 00000000 00:00 0 
7ff43bf03000-7ff43c000000 rw-p 00000000 00:00 0 
7ff43c000000-7ff43c02e000 rw-p 00000000 00:00 0 
7ff43c02e000-7ff440000000 ---p 00000000 00:00 0 
7ff440000000-7ff4401a1000 rw-p 00000000 00:00 0 
7ff4401a1000-7ff444000000 ---p 00000000 00:00 0 
7ff444000000-7ff444032000 rw-p 00000000 00:00 0 
7ff444032000-7ff448000000 ---p 00000000 00:00 0 
7ff448000000-7ff448021000 rw-p 00000000 00:00 0 
7ff448021000-7ff44c000000 ---p 00000000 00:00 0 
7ff44c000000-7ff44c041000 rw-p 00000000 00:00 0 
7ff44c041000-7ff450000000 ---p 00000000 00:00 0 
7ff450000000-7ff450021000 rw-p 00000000 00:00 0 
7ff450021000-7ff454000000 ---p 00000000 00:00 0 
7ff454000000-7ff454021000 rw-p 00000000 00:00 0 
7ff454021000-7ff458000000 ---p 00000000 00:00 0 
7ff458000000-7ff458021000 rw-p 00000000 00:00 0 
7ff458021000-7ff45c000000 ---p 00000000 00:00 0 
7ff45c000000-7ff45c021000 rw-p 00000000 00:00 0 
7ff45c021000-7ff460000000 ---p 00000000 00:00 0 
7ff460000000-7ff460026000 rw-p 00000000 00:00 0 
7ff460026000-7ff464000000 ---p 00000000 00:00 0 
7ff464000000-7ff464021000 rw-p 00000000 00:00 0 
7ff464021000-7ff468000000 ---p 00000000 00:00 0 
7ff4680fd000-7ff468101000 ---p 00000000 00:00 0 
7ff468101000-7ff4681fe000 rw-p 00000000 00:00 0 
7ff4681fe000-7ff468202000 ---p 00000000 00:00 0 
7ff468202000-7ff4682ff000 rw-p 00000000 00:00 0 
7ff4682ff000-7ff468303000 ---p 00000000 00:00 0 
7ff468303000-7ff4685c0000 rw-p 00000000 00:00 0 
7ff4685c0000-7ff468600000 rw-p 00000000 00:00 0 
7ff468600000-7ff468760000 rw-p 00000000 00:00 0 
7ff468760000-7ff468780000 ---p 00000000 00:00 0 
7ff468780000-7ff468790000 rw-p 00000000 00:00 0 
7ff468790000-7ff468c00000 ---p 00000000 00:00 0 
7ff468c00000-7ff469400000 rw-p 00000000 00:00 0 
7ff4694fd000-7ff469501000 ---p 00000000 00:00 0 
7ff469501000-7ff4695fe000 rw-p 00000000 00:00 0 
7ff4695fe000-7ff469602000 ---p 00000000 00:00 0 
7ff469602000-7ff4696ff000 rw-p 00000000 00:00 0 
7ff4696ff000-7ff469703000 ---p 00000000 00:00 0 
7ff469703000-7ff46a000000 rw-p 00000000 00:00 0 
7ff46a000000-7ff46a500000 rw-p 00000000 00:00 0 
7ff46a500000-7ff46a600000 rw-p 00000000 00:00 0 
7ff46a600000-7ff46a800000 rw-p 00000000 00:00 0 
7ff46a800000-7ff46ad80000 rw-p 00000000 00:00 0 
7ff46ad80000-7ff46ae00000 rw-p 00000000 00:00 0 
7ff46ae00000-7ff46b000000 rw-p 00000000 00:00 0 
7ff46b0df000-7ff46b0e3000 ---p 00000000 00:00 0 
7ff46b0e3000-7ff46b1e0000 rw-p 00000000 00:00 0 
7ff46b1e0000-7ff46b1e4000 ---p 00000000 00:00 0 
7ff46b1e4000-7ff46b2e1000 rw-p 00000000 00:00 0 
7ff46b2e1000-7ff46b2e5000 ---p 00000000 00:00 0 
7ff46b2e5000-7ff46b3e2000 rw-p 00000000 00:00 0 
7ff46b3e2000-7ff46b3e6000 ---p 00000000 00:00 0 
7ff46b3e6000-7ff46b4e3000 rw-p 00000000 00:00 0 
7ff46b4e3000-7ff46b4e7000 ---p 00000000 00:00 0 
7ff46b4e7000-7ff46b5e4000 rw-p 00000000 00:00 0 
7ff46b5e4000-7ff46b5e8000 ---p 00000000 00:00 0 
7ff46b5e8000-7ff46b6e5000 rw-p 00000000 00:00 0 
7ff46b6e5000-7ff46b6e9000 ---p 00000000 00:00 0 
7ff46b6e9000-7ff46b7e6000 rw-p 00000000 00:00 0 
7ff46b7e6000-7ff46b7ea000 ---p 00000000 00:00 0 
7ff46b7ea000-7ff46b8e7000 rw-p 00000000 00:00 0 
7ff46b8e7000-7ff46b8e8000 ---p 00000000 00:00 0 
7ff46b8e8000-7ff46b9e9000 rw-p 00000000 00:00 0 
7ff46b9e9000-7ff46b9ea000 ---p 00000000 00:00 0 
7ff46b9ea000-7ff46baeb000 rw-p 00000000 00:00 0 
7ff46baeb000-7ff46baec000 ---p 00000000 00:00 0 
7ff46baec000-7ff46bbed000 rw-p 00000000 00:00 0 
7ff46bbed000-7ff46bbee000 ---p 00000000 00:00 0 
7ff46bbee000-7ff46bcef000 rw-p 00000000 00:00 0 
7ff46bcef000-7ff46bcfc000 r-xp 00000000 b3:02 1967618                    /opt/sts-4.13.0.RELEASE/plugins/org.eclipse.justj.openjdk.hotspot.jre.full.linux.x86_64_17.0.1.v20211116-1657/jre/lib/libverify.so
7ff46bcfc000-7ff46befb000 ---p 0000d000 b3:02 1967618                    /opt/sts-4.13.0.RELEASE/plugins/org.eclipse.justj.openjdk.hotspot.jre.full.linux.x86_64_17.0.1.v20211116-1657/jre/lib/libverify.so
7ff46befb000-7ff46befd000 r--p 0000c000 b3:02 1967618                    /opt/sts-4.13.0.RELEASE/plugins/org.eclipse.justj.openjdk.hotspot.jre.full.linux.x86_64_17.0.1.v20211116-1657/jre/lib/libverify.so
7ff46befd000-7ff46befe000 rw-p 0000e000 b3:02 1967618                    /opt/sts-4.13.0.RELEASE/plugins/org.eclipse.justj.openjdk.hotspot.jre.full.linux.x86_64_17.0.1.v20211116-1657/jre/lib/libverify.so
7ff46befe000-7ff46beff000 ---p 00000000 00:00 0 
7ff46beff000-7ff46c000000 rw-p 00000000 00:00 0 
7ff46c000000-7ff46c021000 rw-p 00000000 00:00 0 
7ff46c021000-7ff470000000 ---p 00000000 00:00 0 
7ff470000000-7ff470021000 rw-p 00000000 00:00 0 
7ff470021000-7ff474000000 ---p 00000000 00:00 0 
7ff474000000-7ff474021000 rw-p 00000000 00:00 0 
7ff474021000-7ff478000000 ---p 00000000 00:00 0 
7ff478000000-7ff478021000 rw-p 00000000 00:00 0 
7ff478021000-7ff47c000000 ---p 00000000 00:00 0 
7ff47c000000-7ff47c056000 rw-p 00000000 00:00 0 
7ff47c056000-7ff480000000 ---p 00000000 00:00 0 
7ff480000000-7ff480047000 rw-p 00000000 00:00 0 
7ff480047000-7ff484000000 ---p 00000000 00:00 0 
7ff484000000-7ff484021000 rw-p 00000000 00:00 0 
7ff484021000-7ff488000000 ---p 00000000 00:00 0 
7ff488000000-7ff48866f000 rw-p 00000000 00:00 0 
7ff48866f000-7ff48c000000 ---p 00000000 00:00 0 
7ff48c000000-7ff48c026000 rw-p 00000000 00:00 0 
7ff48c026000-7ff490000000 ---p 00000000 00:00 0 
7ff490000000-7ff490021000 rw-p 00000000 00:00 0 
7ff490021000-7ff494000000 ---p 00000000 00:00 0 
7ff494000000-7ff494021000 rw-p 00000000 00:00 0 
7ff494021000-7ff498000000 ---p 00000000 00:00 0 
7ff498000000-7ff498021000 rw-p 00000000 00:00 0 
7ff498021000-7ff49c000000 ---p 00000000 00:00 0 
7ff49c000000-7ff49c021000 rw-p 00000000 00:00 0 
7ff49c021000-7ff4a0000000 ---p 00000000 00:00 0 
7ff4a0000000-7ff4a0029000 rw-p 00000000 00:00 0 
7ff4a0029000-7ff4a4000000 ---p 00000000 00:00 0 
7ff4a4000000-7ff4a4021000 rw-p 00000000 00:00 0 
7ff4a4021000-7ff4a8000000 ---p 00000000 00:00 0 
7ff4a80fd000-7ff4a8101000 ---p 00000000 00:00 0 
7ff4a8101000-7ff4a81fe000 rw-p 00000000 00:00 0 
7ff4a81fe000-7ff4a8202000 ---p 00000000 00:00 0 
7ff4a8202000-7ff4a82ff000 rw-p 00000000 00:00 0 
7ff4a82ff000-7ff4a8303000 ---p 00000000 00:00 0 
7ff4a8303000-7ff4a8500000 rw-p 00000000 00:00 0 
7ff4a8500000-7ff4a8520000 rw-p 00000000 00:00 0 
7ff4a8520000-7ff4a8540000 rw-p 00000000 00:00 0 
7ff4a8540000-7ff4a8580000 rw-p 00000000 00:00 0 
7ff4a8580000-7ff4a8700000 rw-p 00000000 00:00 0 
7ff4a8700000-7ff4a8780000 rw-p 00000000 00:00 0 
7ff4a8780000-7ff4a8800000 rw-p 00000000 00:00 0 
7ff4a8800000-7ff4a8900000 rw-p 00000000 00:00 0 
7ff4a8900000-7ff4a8a00000 rw-p 00000000 00:00 0 
7ff4a8a00000-7ff4a8b00000 rw-p 00000000 00:00 0 
7ff4a8b00000-7ff4a8c00000 rw-p 00000000 00:00 0 
7ff4a8cd8000-7ff4a8cda000 r-xp 00000000 b3:02 1967652                    /opt/sts-4.13.0.RELEASE/plugins/org.eclipse.justj.openjdk.hotspot.jre.full.linux.x86_64_17.0.1.v20211116-1657/jre/lib/libextnet.so
7ff4a8cda000-7ff4a8ed9000 ---p 00002000 b3:02 1967652                    /opt/sts-4.13.0.RELEASE/plugins/org.eclipse.justj.openjdk.hotspot.jre.full.linux.x86_64_17.0.1.v20211116-1657/jre/lib/libextnet.so
7ff4a8ed9000-7ff4a8eda000 r--p 00001000 b3:02 1967652                    /opt/sts-4.13.0.RELEASE/plugins/org.eclipse.justj.openjdk.hotspot.jre.full.linux.x86_64_17.0.1.v20211116-1657/jre/lib/libextnet.so
7ff4a8eda000-7ff4a8edb000 rw-p 00002000 b3:02 1967652                    /opt/sts-4.13.0.RELEASE/plugins/org.eclipse.justj.openjdk.hotspot.jre.full.linux.x86_64_17.0.1.v20211116-1657/jre/lib/libextnet.so
7ff4a8edb000-7ff4a8ee0000 r-xp 00000000 b3:02 1967633                    /opt/sts-4.13.0.RELEASE/plugins/org.eclipse.justj.openjdk.hotspot.jre.full.linux.x86_64_17.0.1.v20211116-1657/jre/lib/libmanagement_ext.so
7ff4a8ee0000-7ff4a90e0000 ---p 00005000 b3:02 1967633                    /opt/sts-4.13.0.RELEASE/plugins/org.eclipse.justj.openjdk.hotspot.jre.full.linux.x86_64_17.0.1.v20211116-1657/jre/lib/libmanagement_ext.so
7ff4a90e0000-7ff4a90e1000 r--p 00005000 b3:02 1967633                    /opt/sts-4.13.0.RELEASE/plugins/org.eclipse.justj.openjdk.hotspot.jre.full.linux.x86_64_17.0.1.v20211116-1657/jre/lib/libmanagement_ext.so
7ff4a90e1000-7ff4a90e2000 rw-p 00006000 b3:02 1967633                    /opt/sts-4.13.0.RELEASE/plugins/org.eclipse.justj.openjdk.hotspot.jre.full.linux.x86_64_17.0.1.v20211116-1657/jre/lib/libmanagement_ext.so
7ff4a90e2000-7ff4a90e6000 r-xp 00000000 b3:02 1967668                    /opt/sts-4.13.0.RELEASE/plugins/org.eclipse.justj.openjdk.hotspot.jre.full.linux.x86_64_17.0.1.v20211116-1657/jre/lib/libmanagement.so
7ff4a90e6000-7ff4a92e5000 ---p 00004000 b3:02 1967668                    /opt/sts-4.13.0.RELEASE/plugins/org.eclipse.justj.openjdk.hotspot.jre.full.linux.x86_64_17.0.1.v20211116-1657/jre/lib/libmanagement.so
7ff4a92e5000-7ff4a92e6000 r--p 00003000 b3:02 1967668                    /opt/sts-4.13.0.RELEASE/plugins/org.eclipse.justj.openjdk.hotspot.jre.full.linux.x86_64_17.0.1.v20211116-1657/jre/lib/libmanagement.so
7ff4a92e6000-7ff4a92e7000 rw-p 00004000 b3:02 1967668                    /opt/sts-4.13.0.RELEASE/plugins/org.eclipse.justj.openjdk.hotspot.jre.full.linux.x86_64_17.0.1.v20211116-1657/jre/lib/libmanagement.so
7ff4a92e7000-7ff4a92fc000 r-xp 00000000 b3:02 1967650                    /opt/sts-4.13.0.RELEASE/plugins/org.eclipse.justj.openjdk.hotspot.jre.full.linux.x86_64_17.0.1.v20211116-1657/jre/lib/libnet.so
7ff4a92fc000-7ff4a94fb000 ---p 00015000 b3:02 1967650                    /opt/sts-4.13.0.RELEASE/plugins/org.eclipse.justj.openjdk.hotspot.jre.full.linux.x86_64_17.0.1.v20211116-1657/jre/lib/libnet.so
7ff4a94fb000-7ff4a94fc000 r--p 00014000 b3:02 1967650                    /opt/sts-4.13.0.RELEASE/plugins/org.eclipse.justj.openjdk.hotspot.jre.full.linux.x86_64_17.0.1.v20211116-1657/jre/lib/libnet.so
7ff4a94fc000-7ff4a94fd000 rw-p 00015000 b3:02 1967650                    /opt/sts-4.13.0.RELEASE/plugins/org.eclipse.justj.openjdk.hotspot.jre.full.linux.x86_64_17.0.1.v20211116-1657/jre/lib/libnet.so
7ff4a94fd000-7ff4a950f000 r-xp 00000000 b3:02 1967659                    /opt/sts-4.13.0.RELEASE/plugins/org.eclipse.justj.openjdk.hotspot.jre.full.linux.x86_64_17.0.1.v20211116-1657/jre/lib/libnio.so
7ff4a950f000-7ff4a970e000 ---p 00012000 b3:02 1967659                    /opt/sts-4.13.0.RELEASE/plugins/org.eclipse.justj.openjdk.hotspot.jre.full.linux.x86_64_17.0.1.v20211116-1657/jre/lib/libnio.so
7ff4a970e000-7ff4a970f000 r--p 00011000 b3:02 1967659                    /opt/sts-4.13.0.RELEASE/plugins/org.eclipse.justj.openjdk.hotspot.jre.full.linux.x86_64_17.0.1.v20211116-1657/jre/lib/libnio.so
7ff4a970f000-7ff4a9710000 rw-p 00012000 b3:02 1967659                    /opt/sts-4.13.0.RELEASE/plugins/org.eclipse.justj.openjdk.hotspot.jre.full.linux.x86_64_17.0.1.v20211116-1657/jre/lib/libnio.so
7ff4a9710000-7ff4a9714000 ---p 00000000 00:00 0 
7ff4a9714000-7ff4a9811000 rw-p 00000000 00:00 0 
7ff4a9811000-7ff4a9815000 ---p 00000000 00:00 0 
7ff4a9815000-7ff4a9912000 rw-p 00000000 00:00 0 
7ff4a9912000-7ff4a9916000 ---p 00000000 00:00 0 
7ff4a9916000-7ff4a9a13000 rw-p 00000000 00:00 0 
7ff4a9a13000-7ff4a9a17000 ---p 00000000 00:00 0 
7ff4a9a17000-7ff4a9b14000 rw-p 00000000 00:00 0 
7ff4a9b14000-7ff4a9b18000 ---p 00000000 00:00 0 
7ff4a9b18000-7ff4a9c15000 rw-p 00000000 00:00 0 
7ff4a9c15000-7ff4a9c19000 ---p 00000000 00:00 0 
7ff4a9c19000-7ff4a9d16000 rw-p 00000000 00:00 0 
7ff4a9d16000-7ff4a9d1a000 ---p 00000000 00:00 0 
7ff4a9d1a000-7ff4a9e17000 rw-p 00000000 00:00 0 
7ff4a9e17000-7ff4aabf5000 r--p 00000000 b3:02 2365270                    /usr/lib/locale/locale-archive
7ff4aabf5000-7ff4aabf9000 ---p 00000000 00:00 0 
7ff4aabf9000-7ff4aacf6000 rw-p 00000000 00:00 0 
7ff4aacf6000-7ff4aacfa000 ---p 00000000 00:00 0 
7ff4aacfa000-7ff4aadf7000 rw-p 00000000 00:00 0 
7ff4aadf7000-7ff4aadfe000 r-xp 00000000 b3:02 1967640                    /opt/sts-4.13.0.RELEASE/plugins/org.eclipse.justj.openjdk.hotspot.jre.full.linux.x86_64_17.0.1.v20211116-1657/jre/lib/libzip.so
7ff4aadfe000-7ff4aaffe000 ---p 00007000 b3:02 1967640                    /opt/sts-4.13.0.RELEASE/plugins/org.eclipse.justj.openjdk.hotspot.jre.full.linux.x86_64_17.0.1.v20211116-1657/jre/lib/libzip.so
7ff4aaffe000-7ff4aafff000 r--p 00007000 b3:02 1967640                    /opt/sts-4.13.0.RELEASE/plugins/org.eclipse.justj.openjdk.hotspot.jre.full.linux.x86_64_17.0.1.v20211116-1657/jre/lib/libzip.so
7ff4aafff000-7ff4ab000000 rw-p 00008000 b3:02 1967640                    /opt/sts-4.13.0.RELEASE/plugins/org.eclipse.justj.openjdk.hotspot.jre.full.linux.x86_64_17.0.1.v20211116-1657/jre/lib/libzip.so
7ff4ab000000-7ff4ab420000 rw-p 00000000 00:00 0 
7ff4ab420000-7ff4ab440000 rw-p 00000000 00:00 0 
7ff4ab440000-7ff4ab480000 rw-p 00000000 00:00 0 
7ff4ab480000-7ff4ab500000 rw-p 00000000 00:00 0 
7ff4ab500000-7ff4ab700000 rw-p 00000000 00:00 0 
7ff4ab700000-7ff4ab720000 rw-p 00000000 00:00 0 
7ff4ab720000-7ff4ab740000 rw-p 00000000 00:00 0 
7ff4ab740000-7ff4ab780000 rw-p 00000000 00:00 0 
7ff4ab780000-7ff4ab800000 rw-p 00000000 00:00 0 
7ff4ab8a8000-7ff4ab8d0000 rw-p 00000000 00:00 0 
7ff4ab8d0000-7ff4ab8f6000 r--p 00000000 b3:02 3550824                    /usr/share/locale-langpack/pt_BR/LC_MESSAGES/libc.mo
7ff4ab8f6000-7ff4ab8f7000 ---p 00000000 00:00 0 
7ff4ab8f7000-7ff4ab9f8000 rw-p 00000000 00:00 0 
7ff4ab9f8000-7ff4ab9f9000 ---p 00000000 00:00 0 
7ff4ab9f9000-7ff4abafa000 rw-p 00000000 00:00 0 
7ff4abafa000-7ff4abafb000 ---p 00000000 00:00 0 
7ff4abafb000-7ff4ac000000 rw-p 00000000 00:00 0 
7ff4ac000000-7ff4ac021000 rw-p 00000000 00:00 0 
7ff4ac021000-7ff4b0000000 ---p 00000000 00:00 0 
7ff4b0000000-7ff4b0021000 rw-p 00000000 00:00 0 
7ff4b0021000-7ff4b4000000 ---p 00000000 00:00 0 
7ff4b4000000-7ff4b4021000 rw-p 00000000 00:00 0 
7ff4b4021000-7ff4b8000000 ---p 00000000 00:00 0 
7ff4b8001000-7ff4ba082000 rw-p 00000000 00:00 0 
7ff4ba082000-7ff4ba083000 ---p 00000000 00:00 0 
7ff4ba083000-7ff4ba184000 rw-p 00000000 00:00 0 
7ff4ba184000-7ff4ba185000 ---p 00000000 00:00 0 
7ff4ba185000-7ff4ba286000 rw-p 00000000 00:00 0 
7ff4ba286000-7ff4ba287000 ---p 00000000 00:00 0 
7ff4ba287000-7ff4ba470000 rw-p 00000000 00:00 0 
7ff4ba470000-7ff4ba490000 ---p 00000000 00:00 0 
7ff4ba490000-7ff4ba494000 rw-p 00000000 00:00 0 
7ff4ba494000-7ff4ba504000 ---p 00000000 00:00 0 
7ff4ba504000-7ff4ba508000 rw-p 00000000 00:00 0 
7ff4ba508000-7ff4bb258000 ---p 00000000 00:00 0 
7ff4bb258000-7ff4bb320000 rw-p 00000000 00:00 0 
7ff4bb320000-7ff4bb340000 rw-p 00000000 00:00 0 
7ff4bb340000-7ff4bb360000 ---p 00000000 00:00 0 
7ff4bb360000-7ff4bb364000 rw-p 00000000 00:00 0 
7ff4bb364000-7ff4bb3d4000 ---p 00000000 00:00 0 
7ff4bb3d4000-7ff4bb3d8000 rw-p 00000000 00:00 0 
7ff4bb3d8000-7ff4bc128000 ---p 00000000 00:00 0 
7ff4bc128000-7ff4bc145000 rw-p 00000000 00:00 0 
7ff4bc145000-7ff4bc149000 ---p 00000000 00:00 0 
7ff4bc149000-7ff4bc14a000 rw-p 00000000 00:00 0 
7ff4bc14a000-7ff4bc157000 ---p 00000000 00:00 0 
7ff4bc157000-7ff4bc158000 rw-p 00000000 00:00 0 
7ff4bc158000-7ff4bc302000 ---p 00000000 00:00 0 
7ff4bc302000-7ff4bc31f000 rw-p 00000000 00:00 0 
7ff4bc31f000-7ff4bc323000 ---p 00000000 00:00 0 
7ff4bc323000-7ff4bc324000 rw-p 00000000 00:00 0 
7ff4bc324000-7ff4bc331000 ---p 00000000 00:00 0 
7ff4bc331000-7ff4bc332000 rw-p 00000000 00:00 0 
7ff4bc332000-7ff4bc4dc000 ---p 00000000 00:00 0 
7ff4bc4dc000-7ff4bc4f9000 rw-p 00000000 00:00 0 
7ff4bc4f9000-7ff4bc4fd000 ---p 00000000 00:00 0 
7ff4bc4fd000-7ff4bc4fe000 rw-p 00000000 00:00 0 
7ff4bc4fe000-7ff4bc50b000 ---p 00000000 00:00 0 
7ff4bc50b000-7ff4bc50c000 rw-p 00000000 00:00 0 
7ff4bc50c000-7ff4bc6b6000 ---p 00000000 00:00 0 
7ff4bc6b6000-7ff4bc9b9000 rw-p 00000000 00:00 0 
7ff4bc9b9000-7ff4c0000000 r--s 00000000 b3:02 1967667                    /opt/sts-4.13.0.RELEASE/plugins/org.eclipse.justj.openjdk.hotspot.jre.full.linux.x86_64_17.0.1.v20211116-1657/jre/lib/modules
7ff4c0000000-7ff4c14bc000 rw-p 00000000 00:00 0 
7ff4c14bc000-7ff4c4000000 ---p 00000000 00:00 0 
7ff4c4007000-7ff4c4207000 rw-p 00000000 00:00 0 
7ff4c4207000-7ff4c4255000 ---p 00000000 00:00 0 
7ff4c4255000-7ff4c4b05000 rwxp 00000000 00:00 0 
7ff4c4b05000-7ff4c7255000 ---p 00000000 00:00 0 
7ff4c7255000-7ff4c7279000 r-xp 00000000 b3:02 1967662                    /opt/sts-4.13.0.RELEASE/plugins/org.eclipse.justj.openjdk.hotspot.jre.full.linux.x86_64_17.0.1.v20211116-1657/jre/lib/libjava.so
7ff4c7279000-7ff4c7479000 ---p 00024000 b3:02 1967662                    /opt/sts-4.13.0.RELEASE/plugins/org.eclipse.justj.openjdk.hotspot.jre.full.linux.x86_64_17.0.1.v20211116-1657/jre/lib/libjava.so
7ff4c7479000-7ff4c747a000 r--p 00024000 b3:02 1967662                    /opt/sts-4.13.0.RELEASE/plugins/org.eclipse.justj.openjdk.hotspot.jre.full.linux.x86_64_17.0.1.v20211116-1657/jre/lib/libjava.so
7ff4c747a000-7ff4c747b000 rw-p 00025000 b3:02 1967662                    /opt/sts-4.13.0.RELEASE/plugins/org.eclipse.justj.openjdk.hotspot.jre.full.linux.x86_64_17.0.1.v20211116-1657/jre/lib/libjava.so
7ff4c747b000-7ff4c747c000 rw-p 00000000 00:00 0 
7ff4c747c000-7ff4c747f000 r--p 00000000 b3:02 2366663                    /usr/lib/x86_64-linux-gnu/libnss_files-2.31.so
7ff4c747f000-7ff4c7486000 r-xp 00003000 b3:02 2366663                    /usr/lib/x86_64-linux-gnu/libnss_files-2.31.so
7ff4c7486000-7ff4c7488000 r--p 0000a000 b3:02 2366663                    /usr/lib/x86_64-linux-gnu/libnss_files-2.31.so
7ff4c7488000-7ff4c7489000 r--p 0000b000 b3:02 2366663                    /usr/lib/x86_64-linux-gnu/libnss_files-2.31.so
7ff4c7489000-7ff4c748a000 rw-p 0000c000 b3:02 2366663                    /usr/lib/x86_64-linux-gnu/libnss_files-2.31.so
7ff4c748a000-7ff4c7490000 rw-p 00000000 00:00 0 
7ff4c74a1000-7ff4c74bc000 r-xp 00000000 b3:02 1967649                    /opt/sts-4.13.0.RELEASE/plugins/org.eclipse.justj.openjdk.hotspot.jre.full.linux.x86_64_17.0.1.v20211116-1657/jre/lib/libjimage.so
7ff4c74bc000-7ff4c76bb000 ---p 0001b000 b3:02 1967649                    /opt/sts-4.13.0.RELEASE/plugins/org.eclipse.justj.openjdk.hotspot.jre.full.linux.x86_64_17.0.1.v20211116-1657/jre/lib/libjimage.so
7ff4c76bb000-7ff4c76bd000 r--p 0001a000 b3:02 1967649                    /opt/sts-4.13.0.RELEASE/plugins/org.eclipse.justj.openjdk.hotspot.jre.full.linux.x86_64_17.0.1.v20211116-1657/jre/lib/libjimage.so
7ff4c76bd000-7ff4c76be000 rw-p 0001c000 b3:02 1967649                    /opt/sts-4.13.0.RELEASE/plugins/org.eclipse.justj.openjdk.hotspot.jre.full.linux.x86_64_17.0.1.v20211116-1657/jre/lib/libjimage.so
7ff4c76be000-7ff4c76c2000 ---p 00000000 00:00 0 
7ff4c76c2000-7ff4c77bf000 rw-p 00000000 00:00 0 
7ff4c77bf000-7ff4c77ce000 r--p 00000000 b3:02 2366542                    /usr/lib/x86_64-linux-gnu/libm-2.31.so
7ff4c77ce000-7ff4c7875000 r-xp 0000f000 b3:02 2366542                    /usr/lib/x86_64-linux-gnu/libm-2.31.so
7ff4c7875000-7ff4c790c000 r--p 000b6000 b3:02 2366542                    /usr/lib/x86_64-linux-gnu/libm-2.31.so
7ff4c790c000-7ff4c790d000 r--p 0014c000 b3:02 2366542                    /usr/lib/x86_64-linux-gnu/libm-2.31.so
7ff4c790d000-7ff4c790e000 rw-p 0014d000 b3:02 2366542                    /usr/lib/x86_64-linux-gnu/libm-2.31.so
7ff4c790e000-7ff4c7911000 r--p 00000000 b3:02 2366865                    /usr/lib/x86_64-linux-gnu/librt-2.31.so
7ff4c7911000-7ff4c7915000 r-xp 00003000 b3:02 2366865                    /usr/lib/x86_64-linux-gnu/librt-2.31.so
7ff4c7915000-7ff4c7916000 r--p 00007000 b3:02 2366865                    /usr/lib/x86_64-linux-gnu/librt-2.31.so
7ff4c7916000-7ff4c7917000 ---p 00008000 b3:02 2366865                    /usr/lib/x86_64-linux-gnu/librt-2.31.so
7ff4c7917000-7ff4c7918000 r--p 00008000 b3:02 2366865                    /usr/lib/x86_64-linux-gnu/librt-2.31.so
7ff4c7918000-7ff4c7919000 rw-p 00009000 b3:02 2366865                    /usr/lib/x86_64-linux-gnu/librt-2.31.so
7ff4c7919000-7ff4c8bf8000 r-xp 00000000 b3:02 1967637                    /opt/sts-4.13.0.RELEASE/plugins/org.eclipse.justj.openjdk.hotspot.jre.full.linux.x86_64_17.0.1.v20211116-1657/jre/lib/server/libjvm.so
7ff4c8bf8000-7ff4c8df7000 ---p 012df000 b3:02 1967637                    /opt/sts-4.13.0.RELEASE/plugins/org.eclipse.justj.openjdk.hotspot.jre.full.linux.x86_64_17.0.1.v20211116-1657/jre/lib/server/libjvm.so
7ff4c8df7000-7ff4c8eb0000 r--p 012de000 b3:02 1967637                    /opt/sts-4.13.0.RELEASE/plugins/org.eclipse.justj.openjdk.hotspot.jre.full.linux.x86_64_17.0.1.v20211116-1657/jre/lib/server/libjvm.so
7ff4c8eb0000-7ff4c8ee4000 rw-p 01397000 b3:02 1967637                    /opt/sts-4.13.0.RELEASE/plugins/org.eclipse.justj.openjdk.hotspot.jre.full.linux.x86_64_17.0.1.v20211116-1657/jre/lib/server/libjvm.so
7ff4c8ee4000-7ff4c8f40000 rw-p 00000000 00:00 0 
7ff4c8f40000-7ff4c8f65000 r--p 00000000 b3:02 2365902                    /usr/lib/x86_64-linux-gnu/libc-2.31.so
7ff4c8f65000-7ff4c90dd000 r-xp 00025000 b3:02 2365902                    /usr/lib/x86_64-linux-gnu/libc-2.31.so
7ff4c90dd000-7ff4c9127000 r--p 0019d000 b3:02 2365902                    /usr/lib/x86_64-linux-gnu/libc-2.31.so
7ff4c9127000-7ff4c9128000 ---p 001e7000 b3:02 2365902                    /usr/lib/x86_64-linux-gnu/libc-2.31.so
7ff4c9128000-7ff4c912b000 r--p 001e7000 b3:02 2365902                    /usr/lib/x86_64-linux-gnu/libc-2.31.so
7ff4c912b000-7ff4c912e000 rw-p 001ea000 b3:02 2365902                    /usr/lib/x86_64-linux-gnu/libc-2.31.so
7ff4c912e000-7ff4c9132000 rw-p 00000000 00:00 0 
7ff4c9132000-7ff4c9133000 r--p 00000000 b3:02 2366037                    /usr/lib/x86_64-linux-gnu/libdl-2.31.so
7ff4c9133000-7ff4c9135000 r-xp 00001000 b3:02 2366037                    /usr/lib/x86_64-linux-gnu/libdl-2.31.so
7ff4c9135000-7ff4c9136000 r--p 00003000 b3:02 2366037                    /usr/lib/x86_64-linux-gnu/libdl-2.31.so
7ff4c9136000-7ff4c9137000 r--p 00003000 b3:02 2366037                    /usr/lib/x86_64-linux-gnu/libdl-2.31.so
7ff4c9137000-7ff4c9138000 rw-p 00004000 b3:02 2366037                    /usr/lib/x86_64-linux-gnu/libdl-2.31.so
7ff4c9138000-7ff4c913f000 r--p 00000000 b3:02 2366804                    /usr/lib/x86_64-linux-gnu/libpthread-2.31.so
7ff4c913f000-7ff4c9150000 r-xp 00007000 b3:02 2366804                    /usr/lib/x86_64-linux-gnu/libpthread-2.31.so
7ff4c9150000-7ff4c9155000 r--p 00018000 b3:02 2366804                    /usr/lib/x86_64-linux-gnu/libpthread-2.31.so
7ff4c9155000-7ff4c9156000 r--p 0001c000 b3:02 2366804                    /usr/lib/x86_64-linux-gnu/libpthread-2.31.so
7ff4c9156000-7ff4c9157000 rw-p 0001d000 b3:02 2366804                    /usr/lib/x86_64-linux-gnu/libpthread-2.31.so
7ff4c9157000-7ff4c915b000 rw-p 00000000 00:00 0 
7ff4c915b000-7ff4c916a000 r-xp 00000000 b3:02 1967666                    /opt/sts-4.13.0.RELEASE/plugins/org.eclipse.justj.openjdk.hotspot.jre.full.linux.x86_64_17.0.1.v20211116-1657/jre/lib/libjli.so
7ff4c916a000-7ff4c936a000 ---p 0000f000 b3:02 1967666                    /opt/sts-4.13.0.RELEASE/plugins/org.eclipse.justj.openjdk.hotspot.jre.full.linux.x86_64_17.0.1.v20211116-1657/jre/lib/libjli.so
7ff4c936a000-7ff4c936b000 r--p 0000f000 b3:02 1967666                    /opt/sts-4.13.0.RELEASE/plugins/org.eclipse.justj.openjdk.hotspot.jre.full.linux.x86_64_17.0.1.v20211116-1657/jre/lib/libjli.so
7ff4c936b000-7ff4c936c000 rw-p 00010000 b3:02 1967666                    /opt/sts-4.13.0.RELEASE/plugins/org.eclipse.justj.openjdk.hotspot.jre.full.linux.x86_64_17.0.1.v20211116-1657/jre/lib/libjli.so
7ff4c936c000-7ff4c936e000 r--p 00000000 b3:02 2367218                    /usr/lib/x86_64-linux-gnu/libz.so.1.2.11
7ff4c936e000-7ff4c937f000 r-xp 00002000 b3:02 2367218                    /usr/lib/x86_64-linux-gnu/libz.so.1.2.11
7ff4c937f000-7ff4c9385000 r--p 00013000 b3:02 2367218                    /usr/lib/x86_64-linux-gnu/libz.so.1.2.11
7ff4c9385000-7ff4c9386000 ---p 00019000 b3:02 2367218                    /usr/lib/x86_64-linux-gnu/libz.so.1.2.11
7ff4c9386000-7ff4c9387000 r--p 00019000 b3:02 2367218                    /usr/lib/x86_64-linux-gnu/libz.so.1.2.11
7ff4c9387000-7ff4c9388000 rw-p 0001a000 b3:02 2367218                    /usr/lib/x86_64-linux-gnu/libz.so.1.2.11
7ff4c9388000-7ff4c938f000 r--s 00000000 b3:02 2888212                    /usr/lib/x86_64-linux-gnu/gconv/gconv-modules.cache
7ff4c938f000-7ff4c9397000 rw-s 00000000 b3:02 1583067                    /tmp/hsperfdata_carlos/3939
7ff4c9397000-7ff4c9398000 ---p 00000000 00:00 0 
7ff4c9398000-7ff4c9399000 r--p 00000000 00:00 0 
7ff4c9399000-7ff4c939b000 rw-p 00000000 00:00 0 
7ff4c939b000-7ff4c939c000 r--p 00000000 b3:02 2365688                    /usr/lib/x86_64-linux-gnu/ld-2.31.so
7ff4c939c000-7ff4c93bf000 r-xp 00001000 b3:02 2365688                    /usr/lib/x86_64-linux-gnu/ld-2.31.so
7ff4c93bf000-7ff4c93c7000 r--p 00024000 b3:02 2365688                    /usr/lib/x86_64-linux-gnu/ld-2.31.so
7ff4c93c7000-7ff4c93c8000 ---p 00000000 00:00 0 
7ff4c93c8000-7ff4c93c9000 r--p 0002c000 b3:02 2365688                    /usr/lib/x86_64-linux-gnu/ld-2.31.so
7ff4c93c9000-7ff4c93ca000 rw-p 0002d000 b3:02 2365688                    /usr/lib/x86_64-linux-gnu/ld-2.31.so
7ff4c93ca000-7ff4c93cb000 rw-p 00000000 00:00 0 
7fff0f8ab000-7fff0f8ce000 rw-p 00000000 00:00 0                          [stack]
7fff0f926000-7fff0f92a000 r--p 00000000 00:00 0                          [vvar]
7fff0f92a000-7fff0f92c000 r-xp 00000000 00:00 0                          [vdso]
ffffffffff600000-ffffffffff601000 --xp 00000000 00:00 0                  [vsyscall]


VM Arguments:
jvm_args: -Dcom.sun.management.jmxremote -Dcom.sun.management.jmxremote.port=36173 -Dcom.sun.management.jmxremote.authenticate=false -Dcom.sun.management.jmxremote.ssl=false -Djava.rmi.server.hostname=localhost -Dspring.jmx.enabled=true -Dspring.application.admin.enabled=true -Djava.security.egd=file:/dev/./urandom -XX:TieredStopAtLevel=1 -Dspring.boot.project.name=dsmovie -Dfile.encoding=UTF-8 -XX:+ShowCodeDetailsInExceptionMessages 
java_command: com.carlosveigafilho.dsmovie.DsmovieApplication --spring.output.ansi.enabled=always
java_class_path (initial): /home/carlos/project/dsmovie/backend/target/classes:/home/carlos/.m2/repository/org/springframework/boot/spring-boot-starter-data-jpa/2.6.2/spring-boot-starter-data-jpa-2.6.2.jar:/home/carlos/.m2/repository/org/springframework/boot/spring-boot-starter-aop/2.6.2/spring-boot-starter-aop-2.6.2.jar:/home/carlos/.m2/repository/org/aspectj/aspectjweaver/1.9.7/aspectjweaver-1.9.7.jar:/home/carlos/.m2/repository/org/springframework/boot/spring-boot-starter-jdbc/2.6.2/spring-boot-starter-jdbc-2.6.2.jar:/home/carlos/.m2/repository/com/zaxxer/HikariCP/4.0.3/HikariCP-4.0.3.jar:/home/carlos/.m2/repository/org/springframework/spring-jdbc/5.3.14/spring-jdbc-5.3.14.jar:/home/carlos/.m2/repository/jakarta/transaction/jakarta.transaction-api/1.3.3/jakarta.transaction-api-1.3.3.jar:/home/carlos/.m2/repository/jakarta/persistence/jakarta.persistence-api/2.2.3/jakarta.persistence-api-2.2.3.jar:/home/carlos/.m2/repository/org/hibernate/hibernate-core/5.6.3.Final/hibernate-core-5.6.3.Final.jar:/home/carlos/.m2/repository/org/jboss/logging/jboss-logging/3.4.2.Final/jboss-logging-3.4.2.Final.jar:/home/carlos/.m2/repository/net/bytebuddy/byte-buddy/1.11.22/byte-buddy-1.11.22.jar:/home/carlos/.m2/repository/antlr/antlr/2.7.7/antlr-2.7.7.jar:/home/carlos/.m2/repository/org/jboss/jandex/2.2.3.Final/jandex-2.2.3.Final.jar:/home/carlos/.m2/repository/com/fasterxml/classmate/1.5.1/classmate-1.5.1.jar:/home/carlos/.m2/repository/org/hibernate/common/hibernate-commons-annotations/5.1.2.Final/hibernate-commons-annotations-5.1.2.Final.jar:/home/carlos/.m2/repository/org/glassfish/jaxb/jaxb-runtime/2.3.5/jaxb-runtime-2.3.5.jar:/home/carlos/.m2/repository/org/glassfish/jaxb/txw2/2.3.5/txw2-2.3.5.jar:/home/carlos/.m2/repository/com/sun/istack/istack-commons-runtime/3.0.12/istack-commons-runtime-3.0.12.jar:/home/carlos/.m2/repository/com/sun/activation/jakarta.activation/1.2.2/jakarta.activation-1.2.2.jar:/home/carlos/.m2/repository/org/springframework/data/spring-data-jpa/2.6
Launcher Type: SUN_STANDARD

[Global flags]
     intx CICompilerCount                          = 3                                         {product} {ergonomic}
     uint ConcGCThreads                            = 1                                         {product} {ergonomic}
     uint G1ConcRefinementThreads                  = 4                                         {product} {ergonomic}
   size_t G1HeapRegionSize                         = 1048576                                   {product} {ergonomic}
    uintx GCDrainStackTargetSize                   = 64                                        {product} {ergonomic}
   size_t InitialHeapSize                          = 62914560                                  {product} {ergonomic}
     bool ManagementServer                         = true                                      {product} {command line}
   size_t MarkStackSize                            = 4194304                                   {product} {ergonomic}
   size_t MaxHeapSize                              = 994050048                                 {product} {ergonomic}
   size_t MaxNewSize                               = 595591168                                 {product} {ergonomic}
   size_t MinHeapDeltaBytes                        = 1048576                                   {product} {ergonomic}
   size_t MinHeapSize                              = 8388608                                   {product} {ergonomic}
    uintx NonProfiledCodeHeapSize                  = 0                                      {pd product} {ergonomic}
     bool ProfileInterpreter                       = false                                  {pd product} {command line}
    uintx ProfiledCodeHeapSize                     = 0                                      {pd product} {ergonomic}
     bool ShowCodeDetailsInExceptionMessages       = true                                   {manageable} {command line}
   size_t SoftMaxHeapSize                          = 994050048                              {manageable} {ergonomic}
     intx TieredStopAtLevel                        = 1                                         {product} {command line}
     bool UseCompressedClassPointers               = true                           {product lp64_product} {ergonomic}
     bool UseCompressedOops                        = true                           {product lp64_product} {ergonomic}
     bool UseG1GC                                  = true                                      {product} {ergonomic}

Logging:
Log output configuration:
 #0: stdout all=warning uptime,level,tags
 #1: stderr all=off uptime,level,tags

Environment Variables:
PATH=/home/carlos/.local/bin:/usr/local/sbin:/usr/local/bin:/usr/sbin:/usr/bin:/sbin:/bin:/usr/games:/usr/local/games:/snap/bin
USERNAME=carlos
SHELL=/bin/bash
DISPLAY=:0
LANG=pt_BR.UTF-8

Signal Handlers:
   SIGSEGV: crash_handler in libjvm.so, mask=11100100010111111101111111111110, flags=SA_RESTART|SA_SIGINFO
    SIGBUS: crash_handler in libjvm.so, mask=11100100010111111101111111111110, flags=SA_RESTART|SA_SIGINFO
    SIGFPE: crash_handler in libjvm.so, mask=11100100010111111101111111111110, flags=SA_RESTART|SA_SIGINFO
   SIGPIPE: javaSignalHandler in libjvm.so, mask=11100100010111111101111111111110, flags=SA_RESTART|SA_SIGINFO
   SIGXFSZ: javaSignalHandler in libjvm.so, mask=11100100010111111101111111111110, flags=SA_RESTART|SA_SIGINFO
    SIGILL: crash_handler in libjvm.so, mask=11100100010111111101111111111110, flags=SA_RESTART|SA_SIGINFO
   SIGUSR2: SR_handler in libjvm.so, mask=00100000000000000000000000000000, flags=SA_RESTART|SA_SIGINFO
    SIGHUP: UserHandler in libjvm.so, mask=11100100010111111101111111111110, flags=SA_RESTART|SA_SIGINFO
    SIGINT: UserHandler in libjvm.so, mask=11100100010111111101111111111110, flags=SA_RESTART|SA_SIGINFO
   SIGTERM: UserHandler in libjvm.so, mask=11100100010111111101111111111110, flags=SA_RESTART|SA_SIGINFO
   SIGQUIT: UserHandler in libjvm.so, mask=11100100010111111101111111111110, flags=SA_RESTART|SA_SIGINFO
   SIGTRAP: crash_handler in libjvm.so, mask=11100100010111111101111111111110, flags=SA_RESTART|SA_SIGINFO


---------------  S Y S T E M  ---------------

OS:
DISTRIB_ID=Ubuntu
DISTRIB_RELEASE=20.04
DISTRIB_CODENAME=focal
DISTRIB_DESCRIPTION="Ubuntu 20.04.3 LTS"
uname: Linux 5.11.0-40-generic #44~20.04.2-Ubuntu SMP Tue Oct 26 18:07:44 UTC 2021 x86_64
OS uptime: 0 days 0:54 hours
libc: glibc 2.31 NPTL 2.31 
rlimit (soft/hard): STACK 8192k/infinity , CORE 0k/infinity , NPROC 14895/14895 , NOFILE 1048576/1048576 , AS infinity/infinity , CPU infinity/infinity , DATA infinity/infinity , FSIZE infinity/infinity , MEMLOCK 65536k/65536k
load average: 2,30 2,42 2,34

/proc/meminfo:
MemTotal:        3878688 kB
MemFree:          142060 kB
MemAvailable:     729072 kB
Buffers:           38568 kB
Cached:           952584 kB
SwapCached:         1160 kB
Active:           555684 kB
Inactive:        2909544 kB
Active(anon):     184188 kB
Inactive(anon):  2514392 kB
Active(file):     371496 kB
Inactive(file):   395152 kB
Unevictable:       29988 kB
Mlocked:              32 kB
SwapTotal:       2097148 kB
SwapFree:        1998844 kB
Dirty:               332 kB
Writeback:             0 kB
AnonPages:       2503564 kB
Mapped:           356200 kB
Shmem:            225796 kB
KReclaimable:      57544 kB
Slab:             142436 kB
SReclaimable:      57544 kB
SUnreclaim:        84892 kB
KernelStack:       15168 kB
PageTables:        25988 kB
NFS_Unstable:          0 kB
Bounce:                0 kB
WritebackTmp:          0 kB
CommitLimit:     4036492 kB
Committed_AS:    6748576 kB
VmallocTotal:   34359738367 kB
VmallocUsed:       36016 kB
VmallocChunk:          0 kB
Percpu:             3056 kB
HardwareCorrupted:     0 kB
AnonHugePages:         0 kB
ShmemHugePages:        0 kB
ShmemPmdMapped:        0 kB
FileHugePages:         0 kB
FilePmdMapped:         0 kB
HugePages_Total:       0
HugePages_Free:        0
HugePages_Rsvd:        0
HugePages_Surp:        0
Hugepagesize:       2048 kB
Hugetlb:               0 kB
DirectMap4k:      213276 kB
DirectMap2M:     3837952 kB

/sys/kernel/mm/transparent_hugepage/enabled: always [madvise] never
/sys/kernel/mm/transparent_hugepage/defrag (defrag/compaction efforts parameter): always defer defer+madvise [madvise] never

Process Memory:
Virtual Size: 4411160K (peak: 4435432K)
Resident Set Size: 200160K (peak: 200160K) (anon: 169692K, file: 30468K, shmem: 0K)
Swapped out: 0K
C-Heap outstanding allocations: 28584K

/proc/sys/kernel/threads-max (system-wide limit on the number of threads): 29790
/proc/sys/vm/max_map_count (maximum number of memory map areas a process may have): 65530
/proc/sys/kernel/pid_max (system-wide limit on number of process identifiers): 4194304

container (cgroup) information:
container_type: cgroupv1
cpu_cpuset_cpus: 0-3
cpu_memory_nodes: 0
active_processor_count: 4
cpu_quota: no quota
cpu_period: 100000
cpu_shares: no shares
memory_limit_in_bytes: unlimited
memory_and_swap_limit_in_bytes: unlimited
memory_soft_limit_in_bytes: unlimited
memory_usage_in_bytes: 3102916608
memory_max_usage_in_bytes: 3130073088

Steal ticks since vm start: 0
Steal ticks percentage since vm start:  0,000

CPU: total 4 (initial active 4) (4 cores per cpu, 1 threads per core) family 6 model 76 stepping 4 microcode 0x411, cx8, cmov, fxsr, mmx, 3dnowpref, sse, sse2, sse3, ssse3, sse4.1, sse4.2, popcnt, tsc, tscinvbit, aes, erms, clmul, clflush
CPU Model and flags from /proc/cpuinfo:
model name	: Intel(R) Atom(TM) x5-Z8350  CPU @ 1.44GHz
flags		: fpu vme de pse tsc msr pae mce cx8 apic sep mtrr pge mca cmov pat pse36 clflush dts acpi mmx fxsr sse sse2 ss ht tm pbe syscall nx rdtscp lm constant_tsc arch_perfmon pebs bts rep_good nopl xtopology tsc_reliable nonstop_tsc cpuid aperfmperf tsc_known_freq pni pclmulqdq dtes64 monitor ds_cpl vmx est tm2 ssse3 cx16 xtpr pdcm sse4_1 sse4_2 movbe popcnt tsc_deadline_timer aes rdrand lahf_lm 3dnowprefetch epb pti ibrs ibpb stibp tpr_shadow vnmi flexpriority ept vpid tsc_adjust smep erms dtherm ida arat md_clear

Online cpus: 0-3
Offline cpus: 
BIOS frequency limitation: <Not Available>
Frequency switch latency (ns): 20000
Available cpu frequencies: <Not Available>
Current governor: ondemand
Core performance/turbo boost: <Not Available>

Memory: 4k page, physical 3878688k(142060k free), swap 2097148k(1998844k free)
Page Sizes: 4k

vm_info: OpenJDK 64-Bit Server VM (17.0.1+12) for linux-amd64 JRE (17.0.1+12), built on Oct 20 2021 12:00:24 by "" with gcc 7.5.0

END.
